[2020-10-08T00:06:57.079] [ERROR] access - ::1 - - "GET /login HTTP/1.1" 500 1099 "" "Mozilla/5.0 (Windows NT 10.0; Win64; x64) AppleWebKit/537.36 (KHTML, like Gecko) Chrome/85.0.4183.121 Safari/537.36"
[2020-10-08T00:08:33.468] [ERROR] access - ::1 - - "GET / HTTP/1.1" 404 139 "" "Mozilla/5.0 (Windows NT 10.0; Win64; x64) AppleWebKit/537.36 (KHTML, like Gecko) Chrome/85.0.4183.121 Safari/537.36"
[2020-10-08T00:11:27.004] [ERROR] access - ::1 - - "GET /login HTTP/1.1" 500 1271 "" "Mozilla/5.0 (Windows NT 10.0; Win64; x64) AppleWebKit/537.36 (KHTML, like Gecko) Chrome/85.0.4183.121 Safari/537.36"
[2020-10-08T00:12:39.130] [ERROR] access - ::1 - - "GET /login HTTP/1.1" 500 1271 "" "Mozilla/5.0 (Windows NT 10.0; Win64; x64) AppleWebKit/537.36 (KHTML, like Gecko) Chrome/85.0.4183.121 Safari/537.36"
[2020-10-08T00:12:44.682] [INFO] access - ::1 - - "GET /home HTTP/1.1" 200 1486 "" "Mozilla/5.0 (Windows NT 10.0; Win64; x64) AppleWebKit/537.36 (KHTML, like Gecko) Chrome/85.0.4183.121 Safari/537.36"
[2020-10-08T00:12:47.185] [INFO] access - ::1 - - "GET /register HTTP/1.1" 200 1544 "http://localhost:3000/home" "Mozilla/5.0 (Windows NT 10.0; Win64; x64) AppleWebKit/537.36 (KHTML, like Gecko) Chrome/85.0.4183.121 Safari/537.36"
[2020-10-08T00:12:49.222] [ERROR] access - ::1 - - "GET / HTTP/1.1" 404 139 "http://localhost:3000/register" "Mozilla/5.0 (Windows NT 10.0; Win64; x64) AppleWebKit/537.36 (KHTML, like Gecko) Chrome/85.0.4183.121 Safari/537.36"
[2020-10-08T00:12:54.941] [ERROR] access - ::1 - - "GET / HTTP/1.1" 404 139 "http://localhost:3000/register" "Mozilla/5.0 (Windows NT 10.0; Win64; x64) AppleWebKit/537.36 (KHTML, like Gecko) Chrome/85.0.4183.121 Safari/537.36"
[2020-10-08T00:12:57.381] [ERROR] access - ::1 - - "GET / HTTP/1.1" 404 139 "http://localhost:3000/register" "Mozilla/5.0 (Windows NT 10.0; Win64; x64) AppleWebKit/537.36 (KHTML, like Gecko) Chrome/85.0.4183.121 Safari/537.36"
[2020-10-08T00:13:07.308] [ERROR] access - ::1 - - "GET / HTTP/1.1" 404 139 "http://localhost:3000/register" "Mozilla/5.0 (Windows NT 10.0; Win64; x64) AppleWebKit/537.36 (KHTML, like Gecko) Chrome/85.0.4183.121 Safari/537.36"
[2020-10-08T00:15:31.931] [ERROR] access - ::1 - - "GET / HTTP/1.1" 500 1271 "" "Mozilla/5.0 (Windows NT 10.0; Win64; x64) AppleWebKit/537.36 (KHTML, like Gecko) Chrome/85.0.4183.121 Safari/537.36"
[2020-10-08T00:15:35.372] [ERROR] access - ::1 - - "GET / HTTP/1.1" 500 1271 "" "Mozilla/5.0 (Windows NT 10.0; Win64; x64) AppleWebKit/537.36 (KHTML, like Gecko) Chrome/85.0.4183.121 Safari/537.36"
[2020-10-08T00:20:20.554] [ERROR] access - ::1 - - "GET / HTTP/1.1" 500 1271 "" "Mozilla/5.0 (Windows NT 10.0; Win64; x64) AppleWebKit/537.36 (KHTML, like Gecko) Chrome/85.0.4183.121 Safari/537.36"
[2020-10-08T00:21:17.554] [ERROR] access - ::1 - - "GET / HTTP/1.1" 500 1439 "" "Mozilla/5.0 (Windows NT 10.0; Win64; x64) AppleWebKit/537.36 (KHTML, like Gecko) Chrome/85.0.4183.121 Safari/537.36"
[2020-10-08T00:21:55.773] [ERROR] access - ::1 - - "GET / HTTP/1.1" 500 1440 "" "Mozilla/5.0 (Windows NT 10.0; Win64; x64) AppleWebKit/537.36 (KHTML, like Gecko) Chrome/85.0.4183.121 Safari/537.36"
[2020-10-08T00:22:36.520] [ERROR] access - ::1 - - "GET /login HTTP/1.1" 500 1099 "" "Mozilla/5.0 (Windows NT 10.0; Win64; x64) AppleWebKit/537.36 (KHTML, like Gecko) Chrome/85.0.4183.121 Safari/537.36"
[2020-10-08T00:24:13.854] [ERROR] access - ::1 - - "GET /login HTTP/1.1" 500 1100 "" "Mozilla/5.0 (Windows NT 10.0; Win64; x64) AppleWebKit/537.36 (KHTML, like Gecko) Chrome/85.0.4183.121 Safari/537.36"
[2020-10-08T00:24:24.412] [ERROR] access - ::1 - - "GET /login HTTP/1.1" 500 1100 "" "Mozilla/5.0 (Windows NT 10.0; Win64; x64) AppleWebKit/537.36 (KHTML, like Gecko) Chrome/85.0.4183.121 Safari/537.36"
[2020-10-08T00:24:29.220] [ERROR] access - ::1 - - "GET / HTTP/1.1" 500 1439 "" "Mozilla/5.0 (Windows NT 10.0; Win64; x64) AppleWebKit/537.36 (KHTML, like Gecko) Chrome/85.0.4183.121 Safari/537.36"
[2020-10-08T00:25:07.928] [ERROR] access - ::1 - - "GET /login HTTP/1.1" 500 1100 "" "Mozilla/5.0 (Windows NT 10.0; Win64; x64) AppleWebKit/537.36 (KHTML, like Gecko) Chrome/85.0.4183.121 Safari/537.36"
[2020-10-08T00:31:50.605] [WARN] access - ::1 - - "GET / HTTP/1.1" 302 62 "" "Mozilla/5.0 (Windows NT 10.0; Win64; x64) AppleWebKit/537.36 (KHTML, like Gecko) Chrome/85.0.4183.121 Safari/537.36"
[2020-10-08T00:31:50.612] [ERROR] access - ::1 - - "GET /login.ejs HTTP/1.1" 404 148 "" "Mozilla/5.0 (Windows NT 10.0; Win64; x64) AppleWebKit/537.36 (KHTML, like Gecko) Chrome/85.0.4183.121 Safari/537.36"
[2020-10-08T00:32:11.645] [ERROR] access - ::1 - - "GET /login.ejs HTTP/1.1" 404 148 "" "Mozilla/5.0 (Windows NT 10.0; Win64; x64) AppleWebKit/537.36 (KHTML, like Gecko) Chrome/85.0.4183.121 Safari/537.36"
[2020-10-08T00:32:12.351] [ERROR] access - ::1 - - "GET /login.ejs HTTP/1.1" 404 148 "" "Mozilla/5.0 (Windows NT 10.0; Win64; x64) AppleWebKit/537.36 (KHTML, like Gecko) Chrome/85.0.4183.121 Safari/537.36"
[2020-10-08T00:32:12.903] [ERROR] access - ::1 - - "GET /login.ejs HTTP/1.1" 404 148 "" "Mozilla/5.0 (Windows NT 10.0; Win64; x64) AppleWebKit/537.36 (KHTML, like Gecko) Chrome/85.0.4183.121 Safari/537.36"
[2020-10-08T00:32:13.086] [ERROR] access - ::1 - - "GET /login.ejs HTTP/1.1" 404 148 "" "Mozilla/5.0 (Windows NT 10.0; Win64; x64) AppleWebKit/537.36 (KHTML, like Gecko) Chrome/85.0.4183.121 Safari/537.36"
[2020-10-08T00:32:20.981] [ERROR] access - ::1 - - "GET /login HTTP/1.1" 500 1100 "" "Mozilla/5.0 (Windows NT 10.0; Win64; x64) AppleWebKit/537.36 (KHTML, like Gecko) Chrome/85.0.4183.121 Safari/537.36"
[2020-10-08T00:32:34.410] [WARN] access - ::1 - - "GET / HTTP/1.1" 302 62 "" "Mozilla/5.0 (Windows NT 10.0; Win64; x64) AppleWebKit/537.36 (KHTML, like Gecko) Chrome/85.0.4183.121 Safari/537.36"
[2020-10-08T00:32:34.413] [ERROR] access - ::1 - - "GET /login.ejs HTTP/1.1" 404 148 "" "Mozilla/5.0 (Windows NT 10.0; Win64; x64) AppleWebKit/537.36 (KHTML, like Gecko) Chrome/85.0.4183.121 Safari/537.36"
[2020-10-08T00:39:03.110] [ERROR] access - ::1 - - "GET /login HTTP/1.1" 500 1100 "" "Mozilla/5.0 (Windows NT 10.0; Win64; x64) AppleWebKit/537.36 (KHTML, like Gecko) Chrome/85.0.4183.121 Safari/537.36"
[2020-10-08T00:39:53.777] [ERROR] access - ::1 - - "GET / HTTP/1.1" 404 139 "" "Mozilla/5.0 (Windows NT 10.0; Win64; x64) AppleWebKit/537.36 (KHTML, like Gecko) Chrome/85.0.4183.121 Safari/537.36"
[2020-10-08T00:40:10.221] [ERROR] access - ::1 - - "GET /login HTTP/1.1" 500 1099 "" "Mozilla/5.0 (Windows NT 10.0; Win64; x64) AppleWebKit/537.36 (KHTML, like Gecko) Chrome/85.0.4183.121 Safari/537.36"
[2020-10-08T00:44:27.285] [ERROR] access - ::1 - - "GET /login HTTP/1.1" 500 1099 "" "Mozilla/5.0 (Windows NT 10.0; Win64; x64) AppleWebKit/537.36 (KHTML, like Gecko) Chrome/85.0.4183.121 Safari/537.36"
[2020-10-08T00:45:14.487] [ERROR] access - ::1 - - "GET /login HTTP/1.1" 500 1075 "" "Mozilla/5.0 (Windows NT 10.0; Win64; x64) AppleWebKit/537.36 (KHTML, like Gecko) Chrome/85.0.4183.121 Safari/537.36"
[2020-10-08T00:53:23.918] [ERROR] access - ::1 - - "GET /login HTTP/1.1" 500 1099 "" "Mozilla/5.0 (Windows NT 10.0; Win64; x64) AppleWebKit/537.36 (KHTML, like Gecko) Chrome/85.0.4183.121 Safari/537.36"
[2020-10-08T00:59:57.960] [INFO] access - ::1 - - "GET /login HTTP/1.1" 200 1545 "" "Mozilla/5.0 (Windows NT 10.0; Win64; x64) AppleWebKit/537.36 (KHTML, like Gecko) Chrome/85.0.4183.121 Safari/537.36"
[2020-10-08T01:00:31.660] [ERROR] access - ::1 - - "POST /router/login HTTP/1.1" 404 152 "http://localhost:3000/login" "Mozilla/5.0 (Windows NT 10.0; Win64; x64) AppleWebKit/537.36 (KHTML, like Gecko) Chrome/85.0.4183.121 Safari/537.36"
[2020-10-08T01:01:58.278] [ERROR] access - ::1 - - "POST /router/login HTTP/1.1" 404 152 "http://localhost:3000/login" "Mozilla/5.0 (Windows NT 10.0; Win64; x64) AppleWebKit/537.36 (KHTML, like Gecko) Chrome/85.0.4183.121 Safari/537.36"
[2020-10-08T01:06:35.344] [INFO] access - ::1 - - "GET /login HTTP/1.1" 200 1536 "http://localhost:3000/register" "Mozilla/5.0 (Windows NT 10.0; Win64; x64) AppleWebKit/537.36 (KHTML, like Gecko) Chrome/85.0.4183.121 Safari/537.36"
[2020-10-08T01:06:49.123] [WARN] access - ::1 - - "POST /login HTTP/1.1" 302 46 "http://localhost:3000/login" "Mozilla/5.0 (Windows NT 10.0; Win64; x64) AppleWebKit/537.36 (KHTML, like Gecko) Chrome/85.0.4183.121 Safari/537.36"
[2020-10-08T01:06:49.131] [ERROR] access - ::1 - - "GET / HTTP/1.1" 404 139 "http://localhost:3000/login" "Mozilla/5.0 (Windows NT 10.0; Win64; x64) AppleWebKit/537.36 (KHTML, like Gecko) Chrome/85.0.4183.121 Safari/537.36"
[2020-10-08T01:06:56.181] [INFO] access - ::1 - - "GET /login HTTP/1.1" 200 1536 "http://localhost:3000/register" "Mozilla/5.0 (Windows NT 10.0; Win64; x64) AppleWebKit/537.36 (KHTML, like Gecko) Chrome/85.0.4183.121 Safari/537.36"
[2020-10-08T01:07:02.141] [WARN] access - ::1 - - "POST /login HTTP/1.1" 302 46 "http://localhost:3000/login" "Mozilla/5.0 (Windows NT 10.0; Win64; x64) AppleWebKit/537.36 (KHTML, like Gecko) Chrome/85.0.4183.121 Safari/537.36"
[2020-10-08T01:07:02.146] [ERROR] access - ::1 - - "GET / HTTP/1.1" 404 139 "http://localhost:3000/login" "Mozilla/5.0 (Windows NT 10.0; Win64; x64) AppleWebKit/537.36 (KHTML, like Gecko) Chrome/85.0.4183.121 Safari/537.36"
[2020-10-08T01:07:47.753] [INFO] access - ::1 - - "GET /login HTTP/1.1" 200 1536 "" "Mozilla/5.0 (Windows NT 10.0; Win64; x64) AppleWebKit/537.36 (KHTML, like Gecko) Chrome/85.0.4183.121 Safari/537.36"
[2020-10-08T01:07:57.117] [WARN] access - ::1 - - "POST /login HTTP/1.1" 302 46 "http://localhost:3000/login" "Mozilla/5.0 (Windows NT 10.0; Win64; x64) AppleWebKit/537.36 (KHTML, like Gecko) Chrome/85.0.4183.121 Safari/537.36"
[2020-10-08T01:07:57.125] [ERROR] access - ::1 - - "GET / HTTP/1.1" 404 139 "http://localhost:3000/login" "Mozilla/5.0 (Windows NT 10.0; Win64; x64) AppleWebKit/537.36 (KHTML, like Gecko) Chrome/85.0.4183.121 Safari/537.36"
[2020-10-08T01:12:31.077] [INFO] access - ::1 - - "GET /login HTTP/1.1" 200 1539 "" "Mozilla/5.0 (Windows NT 10.0; Win64; x64) AppleWebKit/537.36 (KHTML, like Gecko) Chrome/85.0.4183.121 Safari/537.36"
[2020-10-08T01:12:41.580] [ERROR] access - ::1 - - "POST /register HTTP/1.1" 404 148 "http://localhost:3000/login" "Mozilla/5.0 (Windows NT 10.0; Win64; x64) AppleWebKit/537.36 (KHTML, like Gecko) Chrome/85.0.4183.121 Safari/537.36"
[2020-10-08T01:14:13.186] [ERROR] access - ::1 - - "GET / HTTP/1.1" 404 139 "" "Mozilla/5.0 (Windows NT 10.0; Win64; x64) AppleWebKit/537.36 (KHTML, like Gecko) Chrome/85.0.4183.121 Safari/537.36"
[2020-10-08T01:14:16.233] [ERROR] access - ::1 - - "GET / HTTP/1.1" 404 139 "" "Mozilla/5.0 (Windows NT 10.0; Win64; x64) AppleWebKit/537.36 (KHTML, like Gecko) Chrome/85.0.4183.121 Safari/537.36"
[2020-10-08T01:14:38.580] [INFO] access - undefined - - "GET /login HTTP/1.1" 200 1536 "" "Mozilla/5.0 (Windows NT 10.0; Win64; x64) AppleWebKit/537.36 (KHTML, like Gecko) Chrome/85.0.4183.121 Safari/537.36"
[2020-10-08T01:14:38.596] [ERROR] access - ::1 - - "GET / HTTP/1.1" 404 139 "" "Mozilla/5.0 (Windows NT 10.0; Win64; x64) AppleWebKit/537.36 (KHTML, like Gecko) Chrome/85.0.4183.121 Safari/537.36"
[2020-10-08T01:14:57.939] [INFO] access - ::1 - - "GET /login HTTP/1.1" 200 1536 "" "Mozilla/5.0 (Windows NT 10.0; Win64; x64) AppleWebKit/537.36 (KHTML, like Gecko) Chrome/85.0.4183.121 Safari/537.36"
[2020-10-08T01:15:08.270] [WARN] access - ::1 - - "POST /login HTTP/1.1" 302 46 "http://localhost:3000/login" "Mozilla/5.0 (Windows NT 10.0; Win64; x64) AppleWebKit/537.36 (KHTML, like Gecko) Chrome/85.0.4183.121 Safari/537.36"
[2020-10-08T01:15:08.278] [ERROR] access - ::1 - - "GET / HTTP/1.1" 404 139 "http://localhost:3000/login" "Mozilla/5.0 (Windows NT 10.0; Win64; x64) AppleWebKit/537.36 (KHTML, like Gecko) Chrome/85.0.4183.121 Safari/537.36"
[2020-10-08T01:17:19.050] [INFO] access - ::1 - - "GET /login HTTP/1.1" 200 1536 "" "Mozilla/5.0 (Windows NT 10.0; Win64; x64) AppleWebKit/537.36 (KHTML, like Gecko) Chrome/85.0.4183.121 Safari/537.36"
[2020-10-08T01:17:27.780] [ERROR] access - ::1 - - "POST /login HTTP/1.1" 404 145 "http://localhost:3000/login" "Mozilla/5.0 (Windows NT 10.0; Win64; x64) AppleWebKit/537.36 (KHTML, like Gecko) Chrome/85.0.4183.121 Safari/537.36"
[2020-10-08T01:23:17.162] [WARN] access - ::1 - - "GET / HTTP/1.1" 302 56 "" "Mozilla/5.0 (Windows NT 10.0; Win64; x64) AppleWebKit/537.36 (KHTML, like Gecko) Chrome/85.0.4183.121 Safari/537.36"
[2020-10-08T01:23:17.186] [WARN] access - ::1 - - "GET /login HTTP/1.1" 304 - "" "Mozilla/5.0 (Windows NT 10.0; Win64; x64) AppleWebKit/537.36 (KHTML, like Gecko) Chrome/85.0.4183.121 Safari/537.36"
[2020-10-08T01:23:30.213] [WARN] access - ::1 - - "POST /login HTTP/1.1" 302 46 "http://localhost:3000/login" "Mozilla/5.0 (Windows NT 10.0; Win64; x64) AppleWebKit/537.36 (KHTML, like Gecko) Chrome/85.0.4183.121 Safari/537.36"
[2020-10-08T01:23:30.219] [WARN] access - ::1 - - "GET / HTTP/1.1" 302 56 "http://localhost:3000/login" "Mozilla/5.0 (Windows NT 10.0; Win64; x64) AppleWebKit/537.36 (KHTML, like Gecko) Chrome/85.0.4183.121 Safari/537.36"
[2020-10-08T01:23:30.228] [INFO] access - ::1 - - "GET /login HTTP/1.1" 200 1536 "http://localhost:3000/login" "Mozilla/5.0 (Windows NT 10.0; Win64; x64) AppleWebKit/537.36 (KHTML, like Gecko) Chrome/85.0.4183.121 Safari/537.36"
[2020-10-08T01:23:45.322] [WARN] access - ::1 - - "POST /login HTTP/1.1" 302 46 "http://localhost:3000/login" "Mozilla/5.0 (Windows NT 10.0; Win64; x64) AppleWebKit/537.36 (KHTML, like Gecko) Chrome/85.0.4183.121 Safari/537.36"
[2020-10-08T01:23:45.328] [WARN] access - ::1 - - "GET / HTTP/1.1" 302 56 "http://localhost:3000/login" "Mozilla/5.0 (Windows NT 10.0; Win64; x64) AppleWebKit/537.36 (KHTML, like Gecko) Chrome/85.0.4183.121 Safari/537.36"
[2020-10-08T01:23:45.337] [INFO] access - ::1 - - "GET /login HTTP/1.1" 200 1536 "http://localhost:3000/login" "Mozilla/5.0 (Windows NT 10.0; Win64; x64) AppleWebKit/537.36 (KHTML, like Gecko) Chrome/85.0.4183.121 Safari/537.36"
[2020-10-08T01:23:55.464] [WARN] access - ::1 - - "POST /login HTTP/1.1" 302 46 "http://localhost:3000/login" "Mozilla/5.0 (Windows NT 10.0; Win64; x64) AppleWebKit/537.36 (KHTML, like Gecko) Chrome/85.0.4183.121 Safari/537.36"
[2020-10-08T01:23:55.470] [WARN] access - ::1 - - "GET / HTTP/1.1" 302 56 "http://localhost:3000/login" "Mozilla/5.0 (Windows NT 10.0; Win64; x64) AppleWebKit/537.36 (KHTML, like Gecko) Chrome/85.0.4183.121 Safari/537.36"
[2020-10-08T01:23:55.478] [INFO] access - ::1 - - "GET /login HTTP/1.1" 200 1536 "http://localhost:3000/login" "Mozilla/5.0 (Windows NT 10.0; Win64; x64) AppleWebKit/537.36 (KHTML, like Gecko) Chrome/85.0.4183.121 Safari/537.36"
[2020-10-08T01:24:43.050] [WARN] access - ::1 - - "POST /login HTTP/1.1" 302 46 "http://localhost:3000/login" "Mozilla/5.0 (Windows NT 10.0; Win64; x64) AppleWebKit/537.36 (KHTML, like Gecko) Chrome/85.0.4183.121 Safari/537.36"
[2020-10-08T01:24:43.056] [WARN] access - ::1 - - "GET / HTTP/1.1" 302 56 "http://localhost:3000/login" "Mozilla/5.0 (Windows NT 10.0; Win64; x64) AppleWebKit/537.36 (KHTML, like Gecko) Chrome/85.0.4183.121 Safari/537.36"
[2020-10-08T01:24:43.084] [INFO] access - ::1 - - "GET /login HTTP/1.1" 200 1536 "http://localhost:3000/login" "Mozilla/5.0 (Windows NT 10.0; Win64; x64) AppleWebKit/537.36 (KHTML, like Gecko) Chrome/85.0.4183.121 Safari/537.36"
[2020-10-08T01:24:57.449] [WARN] access - ::1 - - "POST /login HTTP/1.1" 302 46 "http://localhost:3000/login" "Mozilla/5.0 (Windows NT 10.0; Win64; x64) AppleWebKit/537.36 (KHTML, like Gecko) Chrome/85.0.4183.121 Safari/537.36"
[2020-10-08T01:24:57.455] [WARN] access - ::1 - - "GET / HTTP/1.1" 302 56 "http://localhost:3000/login" "Mozilla/5.0 (Windows NT 10.0; Win64; x64) AppleWebKit/537.36 (KHTML, like Gecko) Chrome/85.0.4183.121 Safari/537.36"
[2020-10-08T01:24:57.464] [INFO] access - ::1 - - "GET /login HTTP/1.1" 200 1536 "http://localhost:3000/login" "Mozilla/5.0 (Windows NT 10.0; Win64; x64) AppleWebKit/537.36 (KHTML, like Gecko) Chrome/85.0.4183.121 Safari/537.36"
[2020-10-08T01:25:05.680] [WARN] access - ::1 - - "POST /login HTTP/1.1" 302 46 "http://localhost:3000/login" "Mozilla/5.0 (Windows NT 10.0; Win64; x64) AppleWebKit/537.36 (KHTML, like Gecko) Chrome/85.0.4183.121 Safari/537.36"
[2020-10-08T01:25:05.687] [WARN] access - ::1 - - "GET / HTTP/1.1" 302 56 "http://localhost:3000/login" "Mozilla/5.0 (Windows NT 10.0; Win64; x64) AppleWebKit/537.36 (KHTML, like Gecko) Chrome/85.0.4183.121 Safari/537.36"
[2020-10-08T01:25:05.696] [INFO] access - ::1 - - "GET /login HTTP/1.1" 200 1536 "http://localhost:3000/login" "Mozilla/5.0 (Windows NT 10.0; Win64; x64) AppleWebKit/537.36 (KHTML, like Gecko) Chrome/85.0.4183.121 Safari/537.36"
[2020-10-08T01:27:18.048] [WARN] access - ::1 - - "POST /login HTTP/1.1" 302 46 "http://localhost:3000/login" "Mozilla/5.0 (Windows NT 10.0; Win64; x64) AppleWebKit/537.36 (KHTML, like Gecko) Chrome/85.0.4183.121 Safari/537.36"
[2020-10-08T01:27:18.053] [WARN] access - ::1 - - "GET / HTTP/1.1" 302 56 "http://localhost:3000/login" "Mozilla/5.0 (Windows NT 10.0; Win64; x64) AppleWebKit/537.36 (KHTML, like Gecko) Chrome/85.0.4183.121 Safari/537.36"
[2020-10-08T01:27:18.076] [INFO] access - ::1 - - "GET /login HTTP/1.1" 200 1536 "http://localhost:3000/login" "Mozilla/5.0 (Windows NT 10.0; Win64; x64) AppleWebKit/537.36 (KHTML, like Gecko) Chrome/85.0.4183.121 Safari/537.36"
[2020-10-08T01:32:33.198] [WARN] access - ::1 - - "POST /login HTTP/1.1" 302 46 "http://localhost:3000/login" "Mozilla/5.0 (Windows NT 10.0; Win64; x64) AppleWebKit/537.36 (KHTML, like Gecko) Chrome/85.0.4183.121 Safari/537.36"
[2020-10-08T01:32:33.222] [INFO] access - ::1 - - "GET / HTTP/1.1" 200 1536 "http://localhost:3000/login" "Mozilla/5.0 (Windows NT 10.0; Win64; x64) AppleWebKit/537.36 (KHTML, like Gecko) Chrome/85.0.4183.121 Safari/537.36"
[2020-10-08T01:32:41.354] [WARN] access - ::1 - - "GET / HTTP/1.1" 304 - "" "Mozilla/5.0 (Windows NT 10.0; Win64; x64) AppleWebKit/537.36 (KHTML, like Gecko) Chrome/85.0.4183.121 Safari/537.36"
[2020-10-08T01:36:36.997] [WARN] access - ::1 - - "POST /login HTTP/1.1" 302 46 "http://localhost:3000/" "Mozilla/5.0 (Windows NT 10.0; Win64; x64) AppleWebKit/537.36 (KHTML, like Gecko) Chrome/85.0.4183.121 Safari/537.36"
[2020-10-08T01:36:37.004] [WARN] access - ::1 - - "GET / HTTP/1.1" 302 56 "http://localhost:3000/" "Mozilla/5.0 (Windows NT 10.0; Win64; x64) AppleWebKit/537.36 (KHTML, like Gecko) Chrome/85.0.4183.121 Safari/537.36"
[2020-10-08T01:36:37.029] [INFO] access - ::1 - - "GET /login HTTP/1.1" 200 1535 "http://localhost:3000/" "Mozilla/5.0 (Windows NT 10.0; Win64; x64) AppleWebKit/537.36 (KHTML, like Gecko) Chrome/85.0.4183.121 Safari/537.36"
[2020-10-08T01:36:50.290] [ERROR] access - ::1 - - "POST /home HTTP/1.1" 404 144 "http://localhost:3000/login" "Mozilla/5.0 (Windows NT 10.0; Win64; x64) AppleWebKit/537.36 (KHTML, like Gecko) Chrome/85.0.4183.121 Safari/537.36"
[2020-10-08T01:37:39.564] [ERROR] access - ::1 - - "POST /home HTTP/1.1" 404 144 "http://localhost:3000/login" "Mozilla/5.0 (Windows NT 10.0; Win64; x64) AppleWebKit/537.36 (KHTML, like Gecko) Chrome/85.0.4183.121 Safari/537.36"
[2020-10-08T01:37:45.533] [WARN] access - ::1 - - "GET / HTTP/1.1" 302 56 "" "Mozilla/5.0 (Windows NT 10.0; Win64; x64) AppleWebKit/537.36 (KHTML, like Gecko) Chrome/85.0.4183.121 Safari/537.36"
[2020-10-08T01:37:45.545] [INFO] access - ::1 - - "GET /login HTTP/1.1" 200 1536 "" "Mozilla/5.0 (Windows NT 10.0; Win64; x64) AppleWebKit/537.36 (KHTML, like Gecko) Chrome/85.0.4183.121 Safari/537.36"
[2020-10-08T01:37:58.107] [WARN] access - ::1 - - "POST /login HTTP/1.1" 302 46 "http://localhost:3000/login" "Mozilla/5.0 (Windows NT 10.0; Win64; x64) AppleWebKit/537.36 (KHTML, like Gecko) Chrome/85.0.4183.121 Safari/537.36"
[2020-10-08T01:37:58.112] [WARN] access - ::1 - - "GET / HTTP/1.1" 302 56 "http://localhost:3000/login" "Mozilla/5.0 (Windows NT 10.0; Win64; x64) AppleWebKit/537.36 (KHTML, like Gecko) Chrome/85.0.4183.121 Safari/537.36"
[2020-10-08T01:37:58.136] [INFO] access - ::1 - - "GET /login HTTP/1.1" 200 1536 "http://localhost:3000/login" "Mozilla/5.0 (Windows NT 10.0; Win64; x64) AppleWebKit/537.36 (KHTML, like Gecko) Chrome/85.0.4183.121 Safari/537.36"
[2020-10-08T01:38:40.562] [WARN] access - ::1 - - "POST /login HTTP/1.1" 302 46 "http://localhost:3000/login" "Mozilla/5.0 (Windows NT 10.0; Win64; x64) AppleWebKit/537.36 (KHTML, like Gecko) Chrome/85.0.4183.121 Safari/537.36"
[2020-10-08T01:38:40.566] [WARN] access - ::1 - - "GET / HTTP/1.1" 302 56 "http://localhost:3000/login" "Mozilla/5.0 (Windows NT 10.0; Win64; x64) AppleWebKit/537.36 (KHTML, like Gecko) Chrome/85.0.4183.121 Safari/537.36"
[2020-10-08T01:38:40.577] [INFO] access - ::1 - - "GET /login HTTP/1.1" 200 1536 "http://localhost:3000/login" "Mozilla/5.0 (Windows NT 10.0; Win64; x64) AppleWebKit/537.36 (KHTML, like Gecko) Chrome/85.0.4183.121 Safari/537.36"
[2020-10-08T01:38:55.599] [WARN] access - ::1 - - "POST /login HTTP/1.1" 302 46 "http://localhost:3000/login" "Mozilla/5.0 (Windows NT 10.0; Win64; x64) AppleWebKit/537.36 (KHTML, like Gecko) Chrome/85.0.4183.121 Safari/537.36"
[2020-10-08T01:39:41.537] [WARN] access - ::1 - - "GET / HTTP/1.1" 302 56 "http://localhost:3000/login" "Mozilla/5.0 (Windows NT 10.0; Win64; x64) AppleWebKit/537.36 (KHTML, like Gecko) Chrome/85.0.4183.121 Safari/537.36"
[2020-10-08T01:40:20.777] [INFO] access - ::1 - - "GET /login HTTP/1.1" 200 1536 "http://localhost:3000/login" "Mozilla/5.0 (Windows NT 10.0; Win64; x64) AppleWebKit/537.36 (KHTML, like Gecko) Chrome/85.0.4183.121 Safari/537.36"
[2020-10-08T01:40:48.357] [WARN] access - ::1 - - "POST /login HTTP/1.1" 302 46 "http://localhost:3000/login" "Mozilla/5.0 (Windows NT 10.0; Win64; x64) AppleWebKit/537.36 (KHTML, like Gecko) Chrome/85.0.4183.121 Safari/537.36"
[2020-10-08T01:40:48.364] [WARN] access - ::1 - - "GET / HTTP/1.1" 302 54 "http://localhost:3000/login" "Mozilla/5.0 (Windows NT 10.0; Win64; x64) AppleWebKit/537.36 (KHTML, like Gecko) Chrome/85.0.4183.121 Safari/537.36"
[2020-10-08T01:40:48.377] [WARN] access - ::1 - - "GET /home HTTP/1.1" 304 - "http://localhost:3000/login" "Mozilla/5.0 (Windows NT 10.0; Win64; x64) AppleWebKit/537.36 (KHTML, like Gecko) Chrome/85.0.4183.121 Safari/537.36"
[2020-10-08T01:41:04.736] [INFO] access - ::1 - - "GET /login HTTP/1.1" 200 1536 "http://localhost:3000/login" "Mozilla/5.0 (Windows NT 10.0; Win64; x64) AppleWebKit/537.36 (KHTML, like Gecko) Chrome/85.0.4183.121 Safari/537.36"
[2020-10-08T01:41:10.204] [WARN] access - ::1 - - "POST /login HTTP/1.1" 302 46 "http://localhost:3000/login" "Mozilla/5.0 (Windows NT 10.0; Win64; x64) AppleWebKit/537.36 (KHTML, like Gecko) Chrome/85.0.4183.121 Safari/537.36"
[2020-10-08T01:41:10.210] [WARN] access - ::1 - - "GET / HTTP/1.1" 302 54 "http://localhost:3000/login" "Mozilla/5.0 (Windows NT 10.0; Win64; x64) AppleWebKit/537.36 (KHTML, like Gecko) Chrome/85.0.4183.121 Safari/537.36"
[2020-10-08T01:41:10.220] [WARN] access - ::1 - - "GET /home HTTP/1.1" 304 - "http://localhost:3000/login" "Mozilla/5.0 (Windows NT 10.0; Win64; x64) AppleWebKit/537.36 (KHTML, like Gecko) Chrome/85.0.4183.121 Safari/537.36"
[2020-10-08T01:41:21.910] [INFO] access - ::1 - - "GET /login HTTP/1.1" 200 1536 "http://localhost:3000/login" "Mozilla/5.0 (Windows NT 10.0; Win64; x64) AppleWebKit/537.36 (KHTML, like Gecko) Chrome/85.0.4183.121 Safari/537.36"
[2020-10-08T01:41:37.275] [WARN] access - ::1 - - "POST /login HTTP/1.1" 302 46 "http://localhost:3000/login" "Mozilla/5.0 (Windows NT 10.0; Win64; x64) AppleWebKit/537.36 (KHTML, like Gecko) Chrome/85.0.4183.121 Safari/537.36"
[2020-10-08T01:41:37.281] [WARN] access - ::1 - - "GET / HTTP/1.1" 302 54 "http://localhost:3000/login" "Mozilla/5.0 (Windows NT 10.0; Win64; x64) AppleWebKit/537.36 (KHTML, like Gecko) Chrome/85.0.4183.121 Safari/537.36"
[2020-10-08T01:41:37.292] [WARN] access - ::1 - - "GET /home HTTP/1.1" 304 - "http://localhost:3000/login" "Mozilla/5.0 (Windows NT 10.0; Win64; x64) AppleWebKit/537.36 (KHTML, like Gecko) Chrome/85.0.4183.121 Safari/537.36"
[2020-10-08T01:42:09.165] [INFO] access - ::1 - - "GET /login HTTP/1.1" 200 1536 "http://localhost:3000/login" "Mozilla/5.0 (Windows NT 10.0; Win64; x64) AppleWebKit/537.36 (KHTML, like Gecko) Chrome/85.0.4183.121 Safari/537.36"
[2020-10-08T01:42:13.898] [WARN] access - ::1 - - "POST /login HTTP/1.1" 302 46 "http://localhost:3000/login" "Mozilla/5.0 (Windows NT 10.0; Win64; x64) AppleWebKit/537.36 (KHTML, like Gecko) Chrome/85.0.4183.121 Safari/537.36"
[2020-10-08T01:42:13.904] [WARN] access - ::1 - - "GET / HTTP/1.1" 302 54 "http://localhost:3000/login" "Mozilla/5.0 (Windows NT 10.0; Win64; x64) AppleWebKit/537.36 (KHTML, like Gecko) Chrome/85.0.4183.121 Safari/537.36"
[2020-10-08T01:42:13.915] [WARN] access - ::1 - - "GET /home HTTP/1.1" 304 - "http://localhost:3000/login" "Mozilla/5.0 (Windows NT 10.0; Win64; x64) AppleWebKit/537.36 (KHTML, like Gecko) Chrome/85.0.4183.121 Safari/537.36"
[2020-10-08T01:42:16.187] [INFO] access - ::1 - - "GET /login HTTP/1.1" 200 1536 "http://localhost:3000/login" "Mozilla/5.0 (Windows NT 10.0; Win64; x64) AppleWebKit/537.36 (KHTML, like Gecko) Chrome/85.0.4183.121 Safari/537.36"
[2020-10-08T01:42:21.138] [WARN] access - ::1 - - "POST /login HTTP/1.1" 302 46 "http://localhost:3000/login" "Mozilla/5.0 (Windows NT 10.0; Win64; x64) AppleWebKit/537.36 (KHTML, like Gecko) Chrome/85.0.4183.121 Safari/537.36"
[2020-10-08T01:42:21.144] [WARN] access - ::1 - - "GET / HTTP/1.1" 302 54 "http://localhost:3000/login" "Mozilla/5.0 (Windows NT 10.0; Win64; x64) AppleWebKit/537.36 (KHTML, like Gecko) Chrome/85.0.4183.121 Safari/537.36"
[2020-10-08T01:42:21.154] [WARN] access - ::1 - - "GET /home HTTP/1.1" 304 - "http://localhost:3000/login" "Mozilla/5.0 (Windows NT 10.0; Win64; x64) AppleWebKit/537.36 (KHTML, like Gecko) Chrome/85.0.4183.121 Safari/537.36"
[2020-10-08T01:42:51.894] [INFO] access - ::1 - - "GET /login HTTP/1.1" 200 1536 "" "Mozilla/5.0 (Windows NT 10.0; Win64; x64) AppleWebKit/537.36 (KHTML, like Gecko) Chrome/85.0.4183.121 Safari/537.36"
[2020-10-08T01:43:05.899] [WARN] access - ::1 - - "POST /login HTTP/1.1" 302 46 "http://localhost:3000/login" "Mozilla/5.0 (Windows NT 10.0; Win64; x64) AppleWebKit/537.36 (KHTML, like Gecko) Chrome/85.0.4183.121 Safari/537.36"
[2020-10-08T01:43:05.905] [WARN] access - ::1 - - "GET / HTTP/1.1" 302 54 "http://localhost:3000/login" "Mozilla/5.0 (Windows NT 10.0; Win64; x64) AppleWebKit/537.36 (KHTML, like Gecko) Chrome/85.0.4183.121 Safari/537.36"
[2020-10-08T01:43:05.916] [WARN] access - ::1 - - "GET /home HTTP/1.1" 304 - "http://localhost:3000/login" "Mozilla/5.0 (Windows NT 10.0; Win64; x64) AppleWebKit/537.36 (KHTML, like Gecko) Chrome/85.0.4183.121 Safari/537.36"
[2020-10-08T01:43:07.266] [INFO] access - ::1 - - "GET /login HTTP/1.1" 200 1536 "" "Mozilla/5.0 (Windows NT 10.0; Win64; x64) AppleWebKit/537.36 (KHTML, like Gecko) Chrome/85.0.4183.121 Safari/537.36"
[2020-10-08T07:51:51.090] [WARN] access - ::1 - - "GET / HTTP/1.1" 302 56 "" "Mozilla/5.0 (Windows NT 10.0; Win64; x64) AppleWebKit/537.36 (KHTML, like Gecko) Chrome/85.0.4183.121 Safari/537.36"
[2020-10-08T07:51:51.117] [WARN] access - ::1 - - "GET /login HTTP/1.1" 304 - "" "Mozilla/5.0 (Windows NT 10.0; Win64; x64) AppleWebKit/537.36 (KHTML, like Gecko) Chrome/85.0.4183.121 Safari/537.36"
[2020-10-08T07:52:04.328] [WARN] access - ::1 - - "POST /login HTTP/1.1" 302 46 "http://localhost:3000/login" "Mozilla/5.0 (Windows NT 10.0; Win64; x64) AppleWebKit/537.36 (KHTML, like Gecko) Chrome/85.0.4183.121 Safari/537.36"
[2020-10-08T07:52:04.333] [WARN] access - ::1 - - "GET / HTTP/1.1" 302 56 "http://localhost:3000/login" "Mozilla/5.0 (Windows NT 10.0; Win64; x64) AppleWebKit/537.36 (KHTML, like Gecko) Chrome/85.0.4183.121 Safari/537.36"
[2020-10-08T07:52:04.342] [INFO] access - ::1 - - "GET /login HTTP/1.1" 200 1536 "http://localhost:3000/login" "Mozilla/5.0 (Windows NT 10.0; Win64; x64) AppleWebKit/537.36 (KHTML, like Gecko) Chrome/85.0.4183.121 Safari/537.36"
[2020-10-08T07:52:11.197] [WARN] access - ::1 - - "POST /login HTTP/1.1" 302 46 "http://localhost:3000/login" "Mozilla/5.0 (Windows NT 10.0; Win64; x64) AppleWebKit/537.36 (KHTML, like Gecko) Chrome/85.0.4183.121 Safari/537.36"
[2020-10-08T07:52:11.203] [WARN] access - ::1 - - "GET / HTTP/1.1" 302 56 "http://localhost:3000/login" "Mozilla/5.0 (Windows NT 10.0; Win64; x64) AppleWebKit/537.36 (KHTML, like Gecko) Chrome/85.0.4183.121 Safari/537.36"
[2020-10-08T07:52:11.214] [INFO] access - ::1 - - "GET /login HTTP/1.1" 200 1536 "http://localhost:3000/login" "Mozilla/5.0 (Windows NT 10.0; Win64; x64) AppleWebKit/537.36 (KHTML, like Gecko) Chrome/85.0.4183.121 Safari/537.36"
[2020-10-08T07:58:31.648] [WARN] access - ::1 - - "POST /login HTTP/1.1" 302 46 "http://localhost:3000/login" "Mozilla/5.0 (Windows NT 10.0; Win64; x64) AppleWebKit/537.36 (KHTML, like Gecko) Chrome/85.0.4183.121 Safari/537.36"
[2020-10-08T07:58:31.653] [WARN] access - ::1 - - "GET / HTTP/1.1" 302 56 "http://localhost:3000/login" "Mozilla/5.0 (Windows NT 10.0; Win64; x64) AppleWebKit/537.36 (KHTML, like Gecko) Chrome/85.0.4183.121 Safari/537.36"
[2020-10-08T07:58:31.662] [INFO] access - ::1 - - "GET /login HTTP/1.1" 200 1536 "http://localhost:3000/login" "Mozilla/5.0 (Windows NT 10.0; Win64; x64) AppleWebKit/537.36 (KHTML, like Gecko) Chrome/85.0.4183.121 Safari/537.36"
[2020-10-08T08:03:18.172] [WARN] access - ::1 - - "GET /login HTTP/1.1" 304 - "http://localhost:3000/login" "Mozilla/5.0 (Windows NT 10.0; Win64; x64) AppleWebKit/537.36 (KHTML, like Gecko) Chrome/85.0.4183.121 Safari/537.36"
[2020-10-08T08:03:21.308] [WARN] access - ::1 - - "GET / HTTP/1.1" 302 56 "" "Mozilla/5.0 (Windows NT 10.0; Win64; x64) AppleWebKit/537.36 (KHTML, like Gecko) Chrome/85.0.4183.121 Safari/537.36"
[2020-10-08T08:03:21.317] [WARN] access - ::1 - - "GET /login HTTP/1.1" 304 - "" "Mozilla/5.0 (Windows NT 10.0; Win64; x64) AppleWebKit/537.36 (KHTML, like Gecko) Chrome/85.0.4183.121 Safari/537.36"
[2020-10-08T08:03:25.813] [WARN] access - ::1 - - "GET / HTTP/1.1" 302 56 "" "Mozilla/5.0 (Windows NT 10.0; Win64; x64) AppleWebKit/537.36 (KHTML, like Gecko) Chrome/85.0.4183.121 Safari/537.36"
[2020-10-08T08:03:25.823] [WARN] access - ::1 - - "GET /login HTTP/1.1" 304 - "" "Mozilla/5.0 (Windows NT 10.0; Win64; x64) AppleWebKit/537.36 (KHTML, like Gecko) Chrome/85.0.4183.121 Safari/537.36"
[2020-10-08T08:03:36.782] [WARN] access - ::1 - - "POST /login HTTP/1.1" 302 56 "http://localhost:3000/login" "Mozilla/5.0 (Windows NT 10.0; Win64; x64) AppleWebKit/537.36 (KHTML, like Gecko) Chrome/85.0.4183.121 Safari/537.36"
[2020-10-08T08:03:36.792] [INFO] access - ::1 - - "GET /login HTTP/1.1" 200 1536 "http://localhost:3000/login" "Mozilla/5.0 (Windows NT 10.0; Win64; x64) AppleWebKit/537.36 (KHTML, like Gecko) Chrome/85.0.4183.121 Safari/537.36"
[2020-10-08T08:04:32.245] [WARN] access - ::1 - - "GET /register HTTP/1.1" 304 - "http://localhost:3000/login" "Mozilla/5.0 (Windows NT 10.0; Win64; x64) AppleWebKit/537.36 (KHTML, like Gecko) Chrome/85.0.4183.121 Safari/537.36"
[2020-10-08T08:04:34.026] [WARN] access - ::1 - - "GET / HTTP/1.1" 302 56 "http://localhost:3000/register" "Mozilla/5.0 (Windows NT 10.0; Win64; x64) AppleWebKit/537.36 (KHTML, like Gecko) Chrome/85.0.4183.121 Safari/537.36"
[2020-10-08T08:04:34.035] [WARN] access - ::1 - - "GET /login HTTP/1.1" 304 - "http://localhost:3000/register" "Mozilla/5.0 (Windows NT 10.0; Win64; x64) AppleWebKit/537.36 (KHTML, like Gecko) Chrome/85.0.4183.121 Safari/537.36"
[2020-10-08T08:04:44.545] [WARN] access - ::1 - - "POST /login HTTP/1.1" 302 56 "http://localhost:3000/login" "Mozilla/5.0 (Windows NT 10.0; Win64; x64) AppleWebKit/537.36 (KHTML, like Gecko) Chrome/85.0.4183.121 Safari/537.36"
[2020-10-08T08:04:44.555] [INFO] access - ::1 - - "GET /login HTTP/1.1" 200 1536 "http://localhost:3000/login" "Mozilla/5.0 (Windows NT 10.0; Win64; x64) AppleWebKit/537.36 (KHTML, like Gecko) Chrome/85.0.4183.121 Safari/537.36"
[2020-10-08T08:04:57.609] [WARN] access - ::1 - - "POST /login HTTP/1.1" 302 56 "http://localhost:3000/login" "Mozilla/5.0 (Windows NT 10.0; Win64; x64) AppleWebKit/537.36 (KHTML, like Gecko) Chrome/85.0.4183.121 Safari/537.36"
[2020-10-08T08:04:57.618] [INFO] access - ::1 - - "GET /login HTTP/1.1" 200 1536 "http://localhost:3000/login" "Mozilla/5.0 (Windows NT 10.0; Win64; x64) AppleWebKit/537.36 (KHTML, like Gecko) Chrome/85.0.4183.121 Safari/537.36"
[2020-10-08T08:05:08.088] [WARN] access - ::1 - - "POST /login HTTP/1.1" 302 56 "http://localhost:3000/login" "Mozilla/5.0 (Windows NT 10.0; Win64; x64) AppleWebKit/537.36 (KHTML, like Gecko) Chrome/85.0.4183.121 Safari/537.36"
[2020-10-08T08:05:08.097] [INFO] access - ::1 - - "GET /login HTTP/1.1" 200 1536 "http://localhost:3000/login" "Mozilla/5.0 (Windows NT 10.0; Win64; x64) AppleWebKit/537.36 (KHTML, like Gecko) Chrome/85.0.4183.121 Safari/537.36"
[2020-10-08T08:05:27.091] [WARN] access - ::1 - - "POST /login HTTP/1.1" 302 56 "http://localhost:3000/login" "Mozilla/5.0 (Windows NT 10.0; Win64; x64) AppleWebKit/537.36 (KHTML, like Gecko) Chrome/85.0.4183.121 Safari/537.36"
[2020-10-08T08:05:27.100] [INFO] access - ::1 - - "GET /login HTTP/1.1" 200 1536 "http://localhost:3000/login" "Mozilla/5.0 (Windows NT 10.0; Win64; x64) AppleWebKit/537.36 (KHTML, like Gecko) Chrome/85.0.4183.121 Safari/537.36"
[2020-10-08T08:08:16.270] [WARN] access - ::1 - - "POST /login HTTP/1.1" 302 56 "http://localhost:3000/login" "Mozilla/5.0 (Windows NT 10.0; Win64; x64) AppleWebKit/537.36 (KHTML, like Gecko) Chrome/85.0.4183.121 Safari/537.36"
[2020-10-08T08:08:16.300] [INFO] access - ::1 - - "GET /login HTTP/1.1" 200 1536 "http://localhost:3000/login" "Mozilla/5.0 (Windows NT 10.0; Win64; x64) AppleWebKit/537.36 (KHTML, like Gecko) Chrome/85.0.4183.121 Safari/537.36"
[2020-10-08T08:09:52.041] [WARN] access - ::1 - - "POST /login HTTP/1.1" 302 56 "http://localhost:3000/login" "Mozilla/5.0 (Windows NT 10.0; Win64; x64) AppleWebKit/537.36 (KHTML, like Gecko) Chrome/85.0.4183.121 Safari/537.36"
[2020-10-08T08:09:52.053] [INFO] access - ::1 - - "GET /login HTTP/1.1" 200 1536 "http://localhost:3000/login" "Mozilla/5.0 (Windows NT 10.0; Win64; x64) AppleWebKit/537.36 (KHTML, like Gecko) Chrome/85.0.4183.121 Safari/537.36"
[2020-10-08T08:10:05.556] [WARN] access - ::1 - - "POST /login HTTP/1.1" 302 56 "http://localhost:3000/login" "Mozilla/5.0 (Windows NT 10.0; Win64; x64) AppleWebKit/537.36 (KHTML, like Gecko) Chrome/85.0.4183.121 Safari/537.36"
[2020-10-08T08:10:05.567] [INFO] access - ::1 - - "GET /login HTTP/1.1" 200 1536 "http://localhost:3000/login" "Mozilla/5.0 (Windows NT 10.0; Win64; x64) AppleWebKit/537.36 (KHTML, like Gecko) Chrome/85.0.4183.121 Safari/537.36"
[2020-10-08T08:10:18.249] [WARN] access - ::1 - - "POST /login HTTP/1.1" 302 56 "http://localhost:3000/login" "Mozilla/5.0 (Windows NT 10.0; Win64; x64) AppleWebKit/537.36 (KHTML, like Gecko) Chrome/85.0.4183.121 Safari/537.36"
[2020-10-08T08:10:18.260] [INFO] access - ::1 - - "GET /login HTTP/1.1" 200 1536 "http://localhost:3000/login" "Mozilla/5.0 (Windows NT 10.0; Win64; x64) AppleWebKit/537.36 (KHTML, like Gecko) Chrome/85.0.4183.121 Safari/537.36"
[2020-10-08T08:10:29.554] [WARN] access - ::1 - - "GET / HTTP/1.1" 302 56 "" "Mozilla/5.0 (Windows NT 10.0; Win64; x64) AppleWebKit/537.36 (KHTML, like Gecko) Chrome/85.0.4183.121 Safari/537.36"
[2020-10-08T08:10:29.566] [WARN] access - ::1 - - "GET /login HTTP/1.1" 304 - "" "Mozilla/5.0 (Windows NT 10.0; Win64; x64) AppleWebKit/537.36 (KHTML, like Gecko) Chrome/85.0.4183.121 Safari/537.36"
[2020-10-08T08:10:45.870] [WARN] access - ::1 - - "POST /login HTTP/1.1" 302 56 "http://localhost:3000/login" "Mozilla/5.0 (Windows NT 10.0; Win64; x64) AppleWebKit/537.36 (KHTML, like Gecko) Chrome/85.0.4183.121 Safari/537.36"
[2020-10-08T08:10:45.880] [INFO] access - ::1 - - "GET /login HTTP/1.1" 200 1536 "http://localhost:3000/login" "Mozilla/5.0 (Windows NT 10.0; Win64; x64) AppleWebKit/537.36 (KHTML, like Gecko) Chrome/85.0.4183.121 Safari/537.36"
[2020-10-08T08:15:56.453] [WARN] access - ::1 - - "POST /login HTTP/1.1" 302 56 "http://localhost:3000/login" "Mozilla/5.0 (Windows NT 10.0; Win64; x64) AppleWebKit/537.36 (KHTML, like Gecko) Chrome/85.0.4183.121 Safari/537.36"
[2020-10-08T08:15:56.464] [INFO] access - ::1 - - "GET /login HTTP/1.1" 200 1536 "http://localhost:3000/login" "Mozilla/5.0 (Windows NT 10.0; Win64; x64) AppleWebKit/537.36 (KHTML, like Gecko) Chrome/85.0.4183.121 Safari/537.36"
[2020-10-08T08:17:14.068] [WARN] access - ::1 - - "GET / HTTP/1.1" 302 56 "" "Mozilla/5.0 (Windows NT 10.0; Win64; x64) AppleWebKit/537.36 (KHTML, like Gecko) Chrome/85.0.4183.121 Safari/537.36"
[2020-10-08T08:17:14.080] [WARN] access - ::1 - - "GET /login HTTP/1.1" 304 - "" "Mozilla/5.0 (Windows NT 10.0; Win64; x64) AppleWebKit/537.36 (KHTML, like Gecko) Chrome/85.0.4183.121 Safari/537.36"
[2020-10-08T08:23:27.802] [WARN] access - ::1 - - "POST /login HTTP/1.1" 302 56 "http://localhost:3000/login" "Mozilla/5.0 (Windows NT 10.0; Win64; x64) AppleWebKit/537.36 (KHTML, like Gecko) Chrome/85.0.4183.121 Safari/537.36"
[2020-10-08T08:23:27.832] [INFO] access - ::1 - - "GET /login HTTP/1.1" 200 1536 "http://localhost:3000/login" "Mozilla/5.0 (Windows NT 10.0; Win64; x64) AppleWebKit/537.36 (KHTML, like Gecko) Chrome/85.0.4183.121 Safari/537.36"
[2020-10-08T08:23:52.001] [WARN] access - ::1 - - "POST /login HTTP/1.1" 302 56 "http://localhost:3000/login" "Mozilla/5.0 (Windows NT 10.0; Win64; x64) AppleWebKit/537.36 (KHTML, like Gecko) Chrome/85.0.4183.121 Safari/537.36"
[2020-10-08T08:25:55.921] [WARN] access - ::1 - - "GET / HTTP/1.1" 302 56 "" "Mozilla/5.0 (Windows NT 10.0; Win64; x64) AppleWebKit/537.36 (KHTML, like Gecko) Chrome/85.0.4183.121 Safari/537.36"
[2020-10-08T08:25:55.945] [INFO] access - ::1 - - "GET /login HTTP/1.1" 200 1536 "" "Mozilla/5.0 (Windows NT 10.0; Win64; x64) AppleWebKit/537.36 (KHTML, like Gecko) Chrome/85.0.4183.121 Safari/537.36"
[2020-10-08T08:26:11.889] [WARN] access - ::1 - - "GET / HTTP/1.1" 302 56 "" "Mozilla/5.0 (Windows NT 10.0; Win64; x64) AppleWebKit/537.36 (KHTML, like Gecko) Chrome/85.0.4183.121 Safari/537.36"
[2020-10-08T08:26:11.898] [WARN] access - ::1 - - "GET /login HTTP/1.1" 304 - "" "Mozilla/5.0 (Windows NT 10.0; Win64; x64) AppleWebKit/537.36 (KHTML, like Gecko) Chrome/85.0.4183.121 Safari/537.36"
[2020-10-08T08:27:10.649] [WARN] access - ::1 - - "GET / HTTP/1.1" 302 56 "" "Mozilla/5.0 (Windows NT 10.0; Win64; x64) AppleWebKit/537.36 (KHTML, like Gecko) Chrome/85.0.4183.121 Safari/537.36"
[2020-10-08T08:27:10.679] [WARN] access - ::1 - - "GET /login HTTP/1.1" 304 - "" "Mozilla/5.0 (Windows NT 10.0; Win64; x64) AppleWebKit/537.36 (KHTML, like Gecko) Chrome/85.0.4183.121 Safari/537.36"
[2020-10-08T08:29:07.231] [WARN] access - ::1 - - "POST /login HTTP/1.1" 302 56 "http://localhost:3000/login" "Mozilla/5.0 (Windows NT 10.0; Win64; x64) AppleWebKit/537.36 (KHTML, like Gecko) Chrome/85.0.4183.121 Safari/537.36"
[2020-10-08T08:29:07.258] [INFO] access - ::1 - - "GET /login HTTP/1.1" 200 1536 "http://localhost:3000/login" "Mozilla/5.0 (Windows NT 10.0; Win64; x64) AppleWebKit/537.36 (KHTML, like Gecko) Chrome/85.0.4183.121 Safari/537.36"
[2020-10-08T08:35:15.234] [WARN] access - ::1 - - "GET /login HTTP/1.1" 304 - "" "Mozilla/5.0 (Windows NT 10.0; Win64; x64) AppleWebKit/537.36 (KHTML, like Gecko) Chrome/85.0.4183.121 Safari/537.36"
[2020-10-08T08:35:22.985] [WARN] access - ::1 - - "POST /login HTTP/1.1" 302 56 "http://localhost:3000/login" "Mozilla/5.0 (Windows NT 10.0; Win64; x64) AppleWebKit/537.36 (KHTML, like Gecko) Chrome/85.0.4183.121 Safari/537.36"
[2020-10-08T08:35:22.994] [INFO] access - ::1 - - "GET /login HTTP/1.1" 200 1536 "http://localhost:3000/login" "Mozilla/5.0 (Windows NT 10.0; Win64; x64) AppleWebKit/537.36 (KHTML, like Gecko) Chrome/85.0.4183.121 Safari/537.36"
[2020-10-08T08:39:41.434] [WARN] access - ::1 - - "POST /login HTTP/1.1" 302 56 "http://localhost:3000/login" "Mozilla/5.0 (Windows NT 10.0; Win64; x64) AppleWebKit/537.36 (KHTML, like Gecko) Chrome/85.0.4183.121 Safari/537.36"
[2020-10-08T08:39:41.444] [INFO] access - ::1 - - "GET /login HTTP/1.1" 200 1536 "http://localhost:3000/login" "Mozilla/5.0 (Windows NT 10.0; Win64; x64) AppleWebKit/537.36 (KHTML, like Gecko) Chrome/85.0.4183.121 Safari/537.36"
[2020-10-08T08:39:42.835] [WARN] access - ::1 - - "GET /register HTTP/1.1" 304 - "http://localhost:3000/login" "Mozilla/5.0 (Windows NT 10.0; Win64; x64) AppleWebKit/537.36 (KHTML, like Gecko) Chrome/85.0.4183.121 Safari/537.36"
[2020-10-08T08:39:46.032] [WARN] access - ::1 - - "GET / HTTP/1.1" 302 56 "http://localhost:3000/register" "Mozilla/5.0 (Windows NT 10.0; Win64; x64) AppleWebKit/537.36 (KHTML, like Gecko) Chrome/85.0.4183.121 Safari/537.36"
[2020-10-08T08:39:46.041] [WARN] access - ::1 - - "GET /login HTTP/1.1" 304 - "http://localhost:3000/register" "Mozilla/5.0 (Windows NT 10.0; Win64; x64) AppleWebKit/537.36 (KHTML, like Gecko) Chrome/85.0.4183.121 Safari/537.36"
[2020-10-08T08:39:46.872] [WARN] access - ::1 - - "GET /register HTTP/1.1" 304 - "http://localhost:3000/login" "Mozilla/5.0 (Windows NT 10.0; Win64; x64) AppleWebKit/537.36 (KHTML, like Gecko) Chrome/85.0.4183.121 Safari/537.36"
[2020-10-08T08:39:47.951] [WARN] access - ::1 - - "GET / HTTP/1.1" 302 56 "http://localhost:3000/register" "Mozilla/5.0 (Windows NT 10.0; Win64; x64) AppleWebKit/537.36 (KHTML, like Gecko) Chrome/85.0.4183.121 Safari/537.36"
[2020-10-08T08:39:47.961] [WARN] access - ::1 - - "GET /login HTTP/1.1" 304 - "http://localhost:3000/register" "Mozilla/5.0 (Windows NT 10.0; Win64; x64) AppleWebKit/537.36 (KHTML, like Gecko) Chrome/85.0.4183.121 Safari/537.36"
[2020-10-08T08:39:57.378] [WARN] access - ::1 - - "POST /login HTTP/1.1" 302 56 "http://localhost:3000/login" "Mozilla/5.0 (Windows NT 10.0; Win64; x64) AppleWebKit/537.36 (KHTML, like Gecko) Chrome/85.0.4183.121 Safari/537.36"
[2020-10-08T08:39:57.387] [INFO] access - ::1 - - "GET /login HTTP/1.1" 200 1536 "http://localhost:3000/login" "Mozilla/5.0 (Windows NT 10.0; Win64; x64) AppleWebKit/537.36 (KHTML, like Gecko) Chrome/85.0.4183.121 Safari/537.36"
[2020-10-08T08:54:47.275] [WARN] access - ::1 - - "GET / HTTP/1.1" 302 56 "" "Mozilla/5.0 (Windows NT 10.0; Win64; x64) AppleWebKit/537.36 (KHTML, like Gecko) Chrome/85.0.4183.121 Safari/537.36"
[2020-10-08T08:54:47.305] [WARN] access - ::1 - - "GET /login HTTP/1.1" 304 - "" "Mozilla/5.0 (Windows NT 10.0; Win64; x64) AppleWebKit/537.36 (KHTML, like Gecko) Chrome/85.0.4183.121 Safari/537.36"
[2020-10-08T08:54:55.991] [WARN] access - ::1 - - "POST /login HTTP/1.1" 302 56 "http://localhost:3000/login" "Mozilla/5.0 (Windows NT 10.0; Win64; x64) AppleWebKit/537.36 (KHTML, like Gecko) Chrome/85.0.4183.121 Safari/537.36"
[2020-10-08T08:54:56.001] [INFO] access - ::1 - - "GET /login HTTP/1.1" 200 1536 "http://localhost:3000/login" "Mozilla/5.0 (Windows NT 10.0; Win64; x64) AppleWebKit/537.36 (KHTML, like Gecko) Chrome/85.0.4183.121 Safari/537.36"
[2020-10-08T09:59:02.029] [INFO] access - ::1 - - "GET /login HTTP/1.1" 200 1536 "" "Mozilla/5.0 (Windows NT 10.0; Win64; x64) AppleWebKit/537.36 (KHTML, like Gecko) Chrome/85.0.4183.121 Safari/537.36"
[2020-10-08T09:59:07.367] [WARN] access - ::1 - - "GET /register HTTP/1.1" 304 - "http://localhost:3000/login" "Mozilla/5.0 (Windows NT 10.0; Win64; x64) AppleWebKit/537.36 (KHTML, like Gecko) Chrome/85.0.4183.121 Safari/537.36"
[2020-10-08T09:59:11.895] [WARN] access - ::1 - - "GET / HTTP/1.1" 302 56 "http://localhost:3000/register" "Mozilla/5.0 (Windows NT 10.0; Win64; x64) AppleWebKit/537.36 (KHTML, like Gecko) Chrome/85.0.4183.121 Safari/537.36"
[2020-10-08T09:59:11.904] [WARN] access - ::1 - - "GET /login HTTP/1.1" 304 - "http://localhost:3000/register" "Mozilla/5.0 (Windows NT 10.0; Win64; x64) AppleWebKit/537.36 (KHTML, like Gecko) Chrome/85.0.4183.121 Safari/537.36"
[2020-10-08T09:59:12.813] [WARN] access - ::1 - - "GET /register HTTP/1.1" 304 - "http://localhost:3000/login" "Mozilla/5.0 (Windows NT 10.0; Win64; x64) AppleWebKit/537.36 (KHTML, like Gecko) Chrome/85.0.4183.121 Safari/537.36"
[2020-10-08T09:59:13.649] [WARN] access - ::1 - - "GET / HTTP/1.1" 302 56 "http://localhost:3000/register" "Mozilla/5.0 (Windows NT 10.0; Win64; x64) AppleWebKit/537.36 (KHTML, like Gecko) Chrome/85.0.4183.121 Safari/537.36"
[2020-10-08T09:59:13.658] [WARN] access - ::1 - - "GET /login HTTP/1.1" 304 - "http://localhost:3000/register" "Mozilla/5.0 (Windows NT 10.0; Win64; x64) AppleWebKit/537.36 (KHTML, like Gecko) Chrome/85.0.4183.121 Safari/537.36"
[2020-10-08T09:59:14.844] [WARN] access - ::1 - - "GET /register HTTP/1.1" 304 - "http://localhost:3000/login" "Mozilla/5.0 (Windows NT 10.0; Win64; x64) AppleWebKit/537.36 (KHTML, like Gecko) Chrome/85.0.4183.121 Safari/537.36"
[2020-10-08T09:59:16.785] [WARN] access - ::1 - - "GET / HTTP/1.1" 302 56 "http://localhost:3000/register" "Mozilla/5.0 (Windows NT 10.0; Win64; x64) AppleWebKit/537.36 (KHTML, like Gecko) Chrome/85.0.4183.121 Safari/537.36"
[2020-10-08T09:59:16.794] [WARN] access - ::1 - - "GET /login HTTP/1.1" 304 - "http://localhost:3000/register" "Mozilla/5.0 (Windows NT 10.0; Win64; x64) AppleWebKit/537.36 (KHTML, like Gecko) Chrome/85.0.4183.121 Safari/537.36"
[2020-10-08T09:59:17.571] [WARN] access - ::1 - - "GET /register HTTP/1.1" 304 - "http://localhost:3000/login" "Mozilla/5.0 (Windows NT 10.0; Win64; x64) AppleWebKit/537.36 (KHTML, like Gecko) Chrome/85.0.4183.121 Safari/537.36"
[2020-10-08T09:59:18.953] [WARN] access - ::1 - - "GET / HTTP/1.1" 302 56 "http://localhost:3000/register" "Mozilla/5.0 (Windows NT 10.0; Win64; x64) AppleWebKit/537.36 (KHTML, like Gecko) Chrome/85.0.4183.121 Safari/537.36"
[2020-10-08T09:59:18.961] [WARN] access - ::1 - - "GET /login HTTP/1.1" 304 - "http://localhost:3000/register" "Mozilla/5.0 (Windows NT 10.0; Win64; x64) AppleWebKit/537.36 (KHTML, like Gecko) Chrome/85.0.4183.121 Safari/537.36"
[2020-10-08T09:59:20.035] [WARN] access - ::1 - - "GET /register HTTP/1.1" 304 - "http://localhost:3000/login" "Mozilla/5.0 (Windows NT 10.0; Win64; x64) AppleWebKit/537.36 (KHTML, like Gecko) Chrome/85.0.4183.121 Safari/537.36"
[2020-10-08T09:59:20.793] [WARN] access - ::1 - - "GET / HTTP/1.1" 302 56 "http://localhost:3000/register" "Mozilla/5.0 (Windows NT 10.0; Win64; x64) AppleWebKit/537.36 (KHTML, like Gecko) Chrome/85.0.4183.121 Safari/537.36"
[2020-10-08T09:59:20.802] [WARN] access - ::1 - - "GET /login HTTP/1.1" 304 - "http://localhost:3000/register" "Mozilla/5.0 (Windows NT 10.0; Win64; x64) AppleWebKit/537.36 (KHTML, like Gecko) Chrome/85.0.4183.121 Safari/537.36"
[2020-10-08T09:59:22.099] [WARN] access - ::1 - - "GET /register HTTP/1.1" 304 - "http://localhost:3000/login" "Mozilla/5.0 (Windows NT 10.0; Win64; x64) AppleWebKit/537.36 (KHTML, like Gecko) Chrome/85.0.4183.121 Safari/537.36"
[2020-10-08T09:59:24.757] [WARN] access - ::1 - - "GET / HTTP/1.1" 302 56 "http://localhost:3000/register" "Mozilla/5.0 (Windows NT 10.0; Win64; x64) AppleWebKit/537.36 (KHTML, like Gecko) Chrome/85.0.4183.121 Safari/537.36"
[2020-10-08T09:59:24.765] [WARN] access - ::1 - - "GET /login HTTP/1.1" 304 - "http://localhost:3000/register" "Mozilla/5.0 (Windows NT 10.0; Win64; x64) AppleWebKit/537.36 (KHTML, like Gecko) Chrome/85.0.4183.121 Safari/537.36"
[2020-10-08T09:59:25.771] [WARN] access - ::1 - - "GET /register HTTP/1.1" 304 - "http://localhost:3000/login" "Mozilla/5.0 (Windows NT 10.0; Win64; x64) AppleWebKit/537.36 (KHTML, like Gecko) Chrome/85.0.4183.121 Safari/537.36"
[2020-10-08T09:59:26.952] [WARN] access - ::1 - - "GET / HTTP/1.1" 302 56 "http://localhost:3000/register" "Mozilla/5.0 (Windows NT 10.0; Win64; x64) AppleWebKit/537.36 (KHTML, like Gecko) Chrome/85.0.4183.121 Safari/537.36"
[2020-10-08T09:59:26.961] [WARN] access - ::1 - - "GET /login HTTP/1.1" 304 - "http://localhost:3000/register" "Mozilla/5.0 (Windows NT 10.0; Win64; x64) AppleWebKit/537.36 (KHTML, like Gecko) Chrome/85.0.4183.121 Safari/537.36"
[2020-10-08T09:59:28.180] [WARN] access - ::1 - - "GET /register HTTP/1.1" 304 - "http://localhost:3000/login" "Mozilla/5.0 (Windows NT 10.0; Win64; x64) AppleWebKit/537.36 (KHTML, like Gecko) Chrome/85.0.4183.121 Safari/537.36"
[2020-10-08T09:59:28.929] [WARN] access - ::1 - - "GET / HTTP/1.1" 302 56 "http://localhost:3000/register" "Mozilla/5.0 (Windows NT 10.0; Win64; x64) AppleWebKit/537.36 (KHTML, like Gecko) Chrome/85.0.4183.121 Safari/537.36"
[2020-10-08T09:59:28.936] [WARN] access - ::1 - - "GET /login HTTP/1.1" 304 - "http://localhost:3000/register" "Mozilla/5.0 (Windows NT 10.0; Win64; x64) AppleWebKit/537.36 (KHTML, like Gecko) Chrome/85.0.4183.121 Safari/537.36"
[2020-10-08T09:59:36.700] [WARN] access - ::1 - - "GET /register HTTP/1.1" 304 - "http://localhost:3000/login" "Mozilla/5.0 (Windows NT 10.0; Win64; x64) AppleWebKit/537.36 (KHTML, like Gecko) Chrome/85.0.4183.121 Safari/537.36"
[2020-10-08T10:09:16.672] [WARN] access - ::1 - - "GET /home HTTP/1.1" 304 - "" "Mozilla/5.0 (Windows NT 10.0; Win64; x64) AppleWebKit/537.36 (KHTML, like Gecko) Chrome/85.0.4183.121 Safari/537.36"
[2020-10-08T10:09:19.946] [WARN] access - ::1 - - "GET / HTTP/1.1" 302 56 "http://localhost:3000/home" "Mozilla/5.0 (Windows NT 10.0; Win64; x64) AppleWebKit/537.36 (KHTML, like Gecko) Chrome/85.0.4183.121 Safari/537.36"
[2020-10-08T10:09:19.954] [WARN] access - ::1 - - "GET /login HTTP/1.1" 304 - "http://localhost:3000/home" "Mozilla/5.0 (Windows NT 10.0; Win64; x64) AppleWebKit/537.36 (KHTML, like Gecko) Chrome/85.0.4183.121 Safari/537.36"
[2020-10-08T10:09:24.613] [WARN] access - ::1 - - "GET /register HTTP/1.1" 304 - "http://localhost:3000/home" "Mozilla/5.0 (Windows NT 10.0; Win64; x64) AppleWebKit/537.36 (KHTML, like Gecko) Chrome/85.0.4183.121 Safari/537.36"
[2020-10-08T10:09:27.418] [WARN] access - ::1 - - "GET / HTTP/1.1" 302 56 "http://localhost:3000/home" "Mozilla/5.0 (Windows NT 10.0; Win64; x64) AppleWebKit/537.36 (KHTML, like Gecko) Chrome/85.0.4183.121 Safari/537.36"
[2020-10-08T10:09:27.427] [WARN] access - ::1 - - "GET /login HTTP/1.1" 304 - "http://localhost:3000/home" "Mozilla/5.0 (Windows NT 10.0; Win64; x64) AppleWebKit/537.36 (KHTML, like Gecko) Chrome/85.0.4183.121 Safari/537.36"
[2020-10-08T10:09:29.016] [WARN] access - ::1 - - "GET /home HTTP/1.1" 304 - "http://localhost:3000/home" "Mozilla/5.0 (Windows NT 10.0; Win64; x64) AppleWebKit/537.36 (KHTML, like Gecko) Chrome/85.0.4183.121 Safari/537.36"
[2020-10-08T10:09:30.117] [WARN] access - ::1 - - "GET /register HTTP/1.1" 304 - "http://localhost:3000/home" "Mozilla/5.0 (Windows NT 10.0; Win64; x64) AppleWebKit/537.36 (KHTML, like Gecko) Chrome/85.0.4183.121 Safari/537.36"
[2020-10-08T10:09:32.354] [WARN] access - ::1 - - "GET / HTTP/1.1" 302 56 "http://localhost:3000/home" "Mozilla/5.0 (Windows NT 10.0; Win64; x64) AppleWebKit/537.36 (KHTML, like Gecko) Chrome/85.0.4183.121 Safari/537.36"
[2020-10-08T10:09:32.363] [WARN] access - ::1 - - "GET /login HTTP/1.1" 304 - "http://localhost:3000/home" "Mozilla/5.0 (Windows NT 10.0; Win64; x64) AppleWebKit/537.36 (KHTML, like Gecko) Chrome/85.0.4183.121 Safari/537.36"
[2020-10-08T10:09:35.314] [WARN] access - ::1 - - "GET / HTTP/1.1" 302 56 "http://localhost:3000/home" "Mozilla/5.0 (Windows NT 10.0; Win64; x64) AppleWebKit/537.36 (KHTML, like Gecko) Chrome/85.0.4183.121 Safari/537.36"
[2020-10-08T10:09:35.322] [WARN] access - ::1 - - "GET /login HTTP/1.1" 304 - "http://localhost:3000/home" "Mozilla/5.0 (Windows NT 10.0; Win64; x64) AppleWebKit/537.36 (KHTML, like Gecko) Chrome/85.0.4183.121 Safari/537.36"
[2020-10-08T10:09:37.156] [WARN] access - ::1 - - "GET /register HTTP/1.1" 304 - "http://localhost:3000/home" "Mozilla/5.0 (Windows NT 10.0; Win64; x64) AppleWebKit/537.36 (KHTML, like Gecko) Chrome/85.0.4183.121 Safari/537.36"
[2020-10-08T10:09:39.257] [WARN] access - ::1 - - "GET / HTTP/1.1" 302 56 "http://localhost:3000/home" "Mozilla/5.0 (Windows NT 10.0; Win64; x64) AppleWebKit/537.36 (KHTML, like Gecko) Chrome/85.0.4183.121 Safari/537.36"
[2020-10-08T10:09:39.265] [WARN] access - ::1 - - "GET /login HTTP/1.1" 304 - "http://localhost:3000/home" "Mozilla/5.0 (Windows NT 10.0; Win64; x64) AppleWebKit/537.36 (KHTML, like Gecko) Chrome/85.0.4183.121 Safari/537.36"
[2020-10-08T10:09:41.163] [WARN] access - ::1 - - "GET /register HTTP/1.1" 304 - "http://localhost:3000/home" "Mozilla/5.0 (Windows NT 10.0; Win64; x64) AppleWebKit/537.36 (KHTML, like Gecko) Chrome/85.0.4183.121 Safari/537.36"
[2020-10-08T10:09:42.705] [WARN] access - ::1 - - "GET / HTTP/1.1" 302 56 "http://localhost:3000/home" "Mozilla/5.0 (Windows NT 10.0; Win64; x64) AppleWebKit/537.36 (KHTML, like Gecko) Chrome/85.0.4183.121 Safari/537.36"
[2020-10-08T10:09:42.713] [WARN] access - ::1 - - "GET /login HTTP/1.1" 304 - "http://localhost:3000/home" "Mozilla/5.0 (Windows NT 10.0; Win64; x64) AppleWebKit/537.36 (KHTML, like Gecko) Chrome/85.0.4183.121 Safari/537.36"
[2020-10-08T10:09:44.149] [WARN] access - ::1 - - "GET /home HTTP/1.1" 304 - "http://localhost:3000/home" "Mozilla/5.0 (Windows NT 10.0; Win64; x64) AppleWebKit/537.36 (KHTML, like Gecko) Chrome/85.0.4183.121 Safari/537.36"
[2020-10-08T10:09:45.099] [WARN] access - ::1 - - "GET /register HTTP/1.1" 304 - "http://localhost:3000/home" "Mozilla/5.0 (Windows NT 10.0; Win64; x64) AppleWebKit/537.36 (KHTML, like Gecko) Chrome/85.0.4183.121 Safari/537.36"
[2020-10-08T10:09:46.938] [WARN] access - ::1 - - "GET / HTTP/1.1" 302 56 "http://localhost:3000/home" "Mozilla/5.0 (Windows NT 10.0; Win64; x64) AppleWebKit/537.36 (KHTML, like Gecko) Chrome/85.0.4183.121 Safari/537.36"
[2020-10-08T10:09:46.945] [WARN] access - ::1 - - "GET /login HTTP/1.1" 304 - "http://localhost:3000/home" "Mozilla/5.0 (Windows NT 10.0; Win64; x64) AppleWebKit/537.36 (KHTML, like Gecko) Chrome/85.0.4183.121 Safari/537.36"
[2020-10-08T10:21:53.257] [WARN] access - ::1 - - "GET /register HTTP/1.1" 304 - "http://localhost:3000/login" "Mozilla/5.0 (Windows NT 10.0; Win64; x64) AppleWebKit/537.36 (KHTML, like Gecko) Chrome/85.0.4183.121 Safari/537.36"
[2020-10-08T11:24:14.124] [INFO] access - ::1 - - "GET /register? HTTP/1.1" 200 1603 "http://localhost:3000/register" "Mozilla/5.0 (Windows NT 10.0; Win64; x64) AppleWebKit/537.36 (KHTML, like Gecko) Chrome/85.0.4183.121 Safari/537.36"
[2020-10-08T11:25:31.361] [WARN] access - ::1 - - "GET / HTTP/1.1" 302 56 "" "Mozilla/5.0 (Windows NT 10.0; Win64; x64) AppleWebKit/537.36 (KHTML, like Gecko) Chrome/85.0.4183.121 Safari/537.36"
[2020-10-08T11:25:31.393] [WARN] access - ::1 - - "GET /login HTTP/1.1" 304 - "" "Mozilla/5.0 (Windows NT 10.0; Win64; x64) AppleWebKit/537.36 (KHTML, like Gecko) Chrome/85.0.4183.121 Safari/537.36"
[2020-10-08T11:25:35.196] [INFO] access - ::1 - - "GET /register HTTP/1.1" 200 1642 "http://localhost:3000/login" "Mozilla/5.0 (Windows NT 10.0; Win64; x64) AppleWebKit/537.36 (KHTML, like Gecko) Chrome/85.0.4183.121 Safari/537.36"
[2020-10-08T11:25:47.771] [ERROR] access - ::1 - - "POST /register/input HTTP/1.1" 500 1062 "http://localhost:3000/register" "Mozilla/5.0 (Windows NT 10.0; Win64; x64) AppleWebKit/537.36 (KHTML, like Gecko) Chrome/85.0.4183.121 Safari/537.36"
[2020-10-08T11:26:30.002] [WARN] access - ::1 - - "GET /register HTTP/1.1" 304 - "http://localhost:3000/login" "Mozilla/5.0 (Windows NT 10.0; Win64; x64) AppleWebKit/537.36 (KHTML, like Gecko) Chrome/85.0.4183.121 Safari/537.36"
[2020-10-08T11:26:50.307] [ERROR] access - ::1 - - "POST /register/input HTTP/1.1" 500 1062 "http://localhost:3000/register" "Mozilla/5.0 (Windows NT 10.0; Win64; x64) AppleWebKit/537.36 (KHTML, like Gecko) Chrome/85.0.4183.121 Safari/537.36"
[2020-10-08T11:34:19.201] [WARN] access - ::1 - - "GET / HTTP/1.1" 302 56 "" "Mozilla/5.0 (Windows NT 10.0; Win64; x64) AppleWebKit/537.36 (KHTML, like Gecko) Chrome/85.0.4183.121 Safari/537.36"
[2020-10-08T11:34:19.228] [WARN] access - ::1 - - "GET /login HTTP/1.1" 304 - "" "Mozilla/5.0 (Windows NT 10.0; Win64; x64) AppleWebKit/537.36 (KHTML, like Gecko) Chrome/85.0.4183.121 Safari/537.36"
[2020-10-08T11:34:21.839] [WARN] access - ::1 - - "GET /register HTTP/1.1" 304 - "http://localhost:3000/login" "Mozilla/5.0 (Windows NT 10.0; Win64; x64) AppleWebKit/537.36 (KHTML, like Gecko) Chrome/85.0.4183.121 Safari/537.36"
[2020-10-08T11:35:28.766] [WARN] access - ::1 - - "GET / HTTP/1.1" 302 56 "" "Mozilla/5.0 (Windows NT 10.0; Win64; x64) AppleWebKit/537.36 (KHTML, like Gecko) Chrome/85.0.4183.121 Safari/537.36"
[2020-10-08T11:35:28.792] [WARN] access - ::1 - - "GET /login HTTP/1.1" 304 - "" "Mozilla/5.0 (Windows NT 10.0; Win64; x64) AppleWebKit/537.36 (KHTML, like Gecko) Chrome/85.0.4183.121 Safari/537.36"
[2020-10-08T11:35:30.742] [WARN] access - ::1 - - "GET /register HTTP/1.1" 304 - "http://localhost:3000/login" "Mozilla/5.0 (Windows NT 10.0; Win64; x64) AppleWebKit/537.36 (KHTML, like Gecko) Chrome/85.0.4183.121 Safari/537.36"
[2020-10-08T11:36:33.459] [ERROR] access - ::1 - - "POST /register/input HTTP/1.1" 500 1431 "http://localhost:3000/register" "Mozilla/5.0 (Windows NT 10.0; Win64; x64) AppleWebKit/537.36 (KHTML, like Gecko) Chrome/85.0.4183.121 Safari/537.36"
[2020-10-08T11:37:30.445] [INFO] access - ::1 - - "POST /register/input HTTP/1.1" 200 1642 "http://localhost:3000/register" "Mozilla/5.0 (Windows NT 10.0; Win64; x64) AppleWebKit/537.36 (KHTML, like Gecko) Chrome/85.0.4183.121 Safari/537.36"
[2020-10-08T11:39:36.697] [WARN] access - ::1 - - "GET /register HTTP/1.1" 304 - "" "Mozilla/5.0 (Windows NT 10.0; Win64; x64) AppleWebKit/537.36 (KHTML, like Gecko) Chrome/85.0.4183.121 Safari/537.36"
[2020-10-08T11:39:57.802] [ERROR] access - ::1 - - "POST /register/input HTTP/1.1" 500 1431 "http://localhost:3000/register" "Mozilla/5.0 (Windows NT 10.0; Win64; x64) AppleWebKit/537.36 (KHTML, like Gecko) Chrome/85.0.4183.121 Safari/537.36"
[2020-10-08T11:40:40.810] [WARN] access - ::1 - - "GET /register HTTP/1.1" 304 - "" "Mozilla/5.0 (Windows NT 10.0; Win64; x64) AppleWebKit/537.36 (KHTML, like Gecko) Chrome/85.0.4183.121 Safari/537.36"
[2020-10-08T11:57:32.676] [WARN] access - ::1 - - "GET /register HTTP/1.1" 304 - "" "Mozilla/5.0 (Windows NT 10.0; Win64; x64) AppleWebKit/537.36 (KHTML, like Gecko) Chrome/85.0.4183.121 Safari/537.36"
[2020-10-08T11:58:02.157] [ERROR] access - ::1 - - "POST /register/input HTTP/1.1" 500 1523 "http://localhost:3000/register" "Mozilla/5.0 (Windows NT 10.0; Win64; x64) AppleWebKit/537.36 (KHTML, like Gecko) Chrome/85.0.4183.121 Safari/537.36"
[2020-10-08T11:59:55.305] [WARN] access - ::1 - - "GET / HTTP/1.1" 302 56 "http://localhost:3000/register/input" "Mozilla/5.0 (Windows NT 10.0; Win64; x64) AppleWebKit/537.36 (KHTML, like Gecko) Chrome/85.0.4183.121 Safari/537.36"
[2020-10-08T11:59:55.326] [WARN] access - ::1 - - "GET /login HTTP/1.1" 304 - "http://localhost:3000/register/input" "Mozilla/5.0 (Windows NT 10.0; Win64; x64) AppleWebKit/537.36 (KHTML, like Gecko) Chrome/85.0.4183.121 Safari/537.36"
[2020-10-08T11:59:58.766] [INFO] access - ::1 - - "GET /register HTTP/1.1" 200 1642 "http://localhost:3000/login" "Mozilla/5.0 (Windows NT 10.0; Win64; x64) AppleWebKit/537.36 (KHTML, like Gecko) Chrome/85.0.4183.121 Safari/537.36"
[2020-10-08T12:01:31.719] [INFO] access - ::1 - - "GET /register HTTP/1.1" 200 1640 "http://localhost:3000/login" "Mozilla/5.0 (Windows NT 10.0; Win64; x64) AppleWebKit/537.36 (KHTML, like Gecko) Chrome/85.0.4183.121 Safari/537.36"
[2020-10-08T12:01:32.656] [WARN] access - ::1 - - "GET /register HTTP/1.1" 304 - "http://localhost:3000/login" "Mozilla/5.0 (Windows NT 10.0; Win64; x64) AppleWebKit/537.36 (KHTML, like Gecko) Chrome/85.0.4183.121 Safari/537.36"
[2020-10-08T12:01:32.854] [WARN] access - ::1 - - "GET /register HTTP/1.1" 304 - "http://localhost:3000/login" "Mozilla/5.0 (Windows NT 10.0; Win64; x64) AppleWebKit/537.36 (KHTML, like Gecko) Chrome/85.0.4183.121 Safari/537.36"
[2020-10-08T12:01:33.064] [WARN] access - ::1 - - "GET /register HTTP/1.1" 304 - "http://localhost:3000/login" "Mozilla/5.0 (Windows NT 10.0; Win64; x64) AppleWebKit/537.36 (KHTML, like Gecko) Chrome/85.0.4183.121 Safari/537.36"
[2020-10-08T12:01:41.916] [INFO] access - ::1 - - "POST /register/input HTTP/1.1" 200 1640 "http://localhost:3000/register" "Mozilla/5.0 (Windows NT 10.0; Win64; x64) AppleWebKit/537.36 (KHTML, like Gecko) Chrome/85.0.4183.121 Safari/537.36"
[2020-10-08T13:50:33.291] [WARN] access - ::1 - - "GET / HTTP/1.1" 302 56 "" "Mozilla/5.0 (Windows NT 10.0; Win64; x64) AppleWebKit/537.36 (KHTML, like Gecko) Chrome/85.0.4183.121 Safari/537.36"
[2020-10-08T13:50:33.314] [WARN] access - ::1 - - "GET /login HTTP/1.1" 304 - "" "Mozilla/5.0 (Windows NT 10.0; Win64; x64) AppleWebKit/537.36 (KHTML, like Gecko) Chrome/85.0.4183.121 Safari/537.36"
[2020-10-08T13:50:41.401] [WARN] access - ::1 - - "GET /register HTTP/1.1" 304 - "http://localhost:3000/login" "Mozilla/5.0 (Windows NT 10.0; Win64; x64) AppleWebKit/537.36 (KHTML, like Gecko) Chrome/85.0.4183.121 Safari/537.36"
[2020-10-08T13:51:06.173] [ERROR] access - ::1 - - "POST /register/input HTTP/1.1" 500 1475 "http://localhost:3000/register" "Mozilla/5.0 (Windows NT 10.0; Win64; x64) AppleWebKit/537.36 (KHTML, like Gecko) Chrome/85.0.4183.121 Safari/537.36"
[2020-10-08T13:52:13.149] [WARN] access - ::1 - - "GET /register HTTP/1.1" 304 - "" "Mozilla/5.0 (Windows NT 10.0; Win64; x64) AppleWebKit/537.36 (KHTML, like Gecko) Chrome/85.0.4183.121 Safari/537.36"
[2020-10-08T13:52:26.643] [ERROR] access - ::1 - - "POST /register/input HTTP/1.1" 500 1475 "http://localhost:3000/register" "Mozilla/5.0 (Windows NT 10.0; Win64; x64) AppleWebKit/537.36 (KHTML, like Gecko) Chrome/85.0.4183.121 Safari/537.36"
[2020-10-08T13:52:43.374] [WARN] access - ::1 - - "GET /register HTTP/1.1" 304 - "" "Mozilla/5.0 (Windows NT 10.0; Win64; x64) AppleWebKit/537.36 (KHTML, like Gecko) Chrome/85.0.4183.121 Safari/537.36"
[2020-10-08T13:53:42.040] [WARN] access - ::1 - - "GET /register HTTP/1.1" 304 - "" "Mozilla/5.0 (Windows NT 10.0; Win64; x64) AppleWebKit/537.36 (KHTML, like Gecko) Chrome/85.0.4183.121 Safari/537.36"
[2020-10-08T13:53:43.821] [WARN] access - ::1 - - "GET /register HTTP/1.1" 304 - "" "Mozilla/5.0 (Windows NT 10.0; Win64; x64) AppleWebKit/537.36 (KHTML, like Gecko) Chrome/85.0.4183.121 Safari/537.36"
[2020-10-08T13:53:57.666] [INFO] access - ::1 - - "POST /register/input HTTP/1.1" 200 1640 "http://localhost:3000/register" "Mozilla/5.0 (Windows NT 10.0; Win64; x64) AppleWebKit/537.36 (KHTML, like Gecko) Chrome/85.0.4183.121 Safari/537.36"
[2020-10-08T13:56:36.452] [ERROR] access - ::1 - - "POST /register/input HTTP/1.1" 500 1560 "http://localhost:3000/register/input" "Mozilla/5.0 (Windows NT 10.0; Win64; x64) AppleWebKit/537.36 (KHTML, like Gecko) Chrome/85.0.4183.121 Safari/537.36"
[2020-10-08T13:57:47.073] [WARN] access - ::1 - - "GET / HTTP/1.1" 302 56 "" "Mozilla/5.0 (Windows NT 10.0; Win64; x64) AppleWebKit/537.36 (KHTML, like Gecko) Chrome/85.0.4183.121 Safari/537.36"
[2020-10-08T13:57:47.093] [WARN] access - ::1 - - "GET /login HTTP/1.1" 304 - "" "Mozilla/5.0 (Windows NT 10.0; Win64; x64) AppleWebKit/537.36 (KHTML, like Gecko) Chrome/85.0.4183.121 Safari/537.36"
[2020-10-08T13:57:51.868] [WARN] access - ::1 - - "GET /login HTTP/1.1" 304 - "" "Mozilla/5.0 (Windows NT 10.0; Win64; x64) AppleWebKit/537.36 (KHTML, like Gecko) Chrome/85.0.4183.121 Safari/537.36"
[2020-10-08T13:57:53.456] [ERROR] access - ::1 - - "GET /register HTTP/1.1" 500 1754 "http://localhost:3000/login" "Mozilla/5.0 (Windows NT 10.0; Win64; x64) AppleWebKit/537.36 (KHTML, like Gecko) Chrome/85.0.4183.121 Safari/537.36"
[2020-10-08T13:59:40.444] [ERROR] access - ::1 - - "GET /register HTTP/1.1" 500 1754 "http://localhost:3000/login" "Mozilla/5.0 (Windows NT 10.0; Win64; x64) AppleWebKit/537.36 (KHTML, like Gecko) Chrome/85.0.4183.121 Safari/537.36"
[2020-10-08T14:02:38.734] [INFO] access - ::1 - - "GET /register HTTP/1.1" 200 1650 "" "Mozilla/5.0 (Windows NT 10.0; Win64; x64) AppleWebKit/537.36 (KHTML, like Gecko) Chrome/85.0.4183.121 Safari/537.36"
[2020-10-08T14:02:49.525] [ERROR] access - ::1 - - "POST /register/input HTTP/1.1" 500 1187 "http://localhost:3000/register" "Mozilla/5.0 (Windows NT 10.0; Win64; x64) AppleWebKit/537.36 (KHTML, like Gecko) Chrome/85.0.4183.121 Safari/537.36"
[2020-10-08T14:03:42.499] [WARN] access - ::1 - - "GET /register HTTP/1.1" 304 - "" "Mozilla/5.0 (Windows NT 10.0; Win64; x64) AppleWebKit/537.36 (KHTML, like Gecko) Chrome/85.0.4183.121 Safari/537.36"
[2020-10-08T14:04:26.542] [ERROR] access - ::1 - - "POST /register/input HTTP/1.1" 500 1492 "http://localhost:3000/register" "Mozilla/5.0 (Windows NT 10.0; Win64; x64) AppleWebKit/537.36 (KHTML, like Gecko) Chrome/85.0.4183.121 Safari/537.36"
[2020-10-08T14:10:13.087] [WARN] access - ::1 - - "GET /register HTTP/1.1" 304 - "" "Mozilla/5.0 (Windows NT 10.0; Win64; x64) AppleWebKit/537.36 (KHTML, like Gecko) Chrome/85.0.4183.121 Safari/537.36"
[2020-10-08T14:10:32.630] [INFO] access - ::1 - - "POST /register/input HTTP/1.1" 200 1724 "http://localhost:3000/register" "Mozilla/5.0 (Windows NT 10.0; Win64; x64) AppleWebKit/537.36 (KHTML, like Gecko) Chrome/85.0.4183.121 Safari/537.36"
[2020-10-08T14:19:56.350] [WARN] access - ::1 - - "GET /register HTTP/1.1" 304 - "http://localhost:3000/login" "Mozilla/5.0 (Windows NT 10.0; Win64; x64) AppleWebKit/537.36 (KHTML, like Gecko) Chrome/85.0.4183.121 Safari/537.36"
[2020-10-08T14:20:12.269] [ERROR] access - ::1 - - "POST /register/input HTTP/1.1" 500 1291 "http://localhost:3000/register" "Mozilla/5.0 (Windows NT 10.0; Win64; x64) AppleWebKit/537.36 (KHTML, like Gecko) Chrome/85.0.4183.121 Safari/537.36"
[2020-10-08T14:27:32.443] [WARN] access - ::1 - - "GET /register HTTP/1.1" 304 - "" "Mozilla/5.0 (Windows NT 10.0; Win64; x64) AppleWebKit/537.36 (KHTML, like Gecko) Chrome/85.0.4183.121 Safari/537.36"
[2020-10-08T14:28:05.688] [ERROR] access - ::1 - - "POST /register/input HTTP/1.1" 500 1839 "http://localhost:3000/register" "Mozilla/5.0 (Windows NT 10.0; Win64; x64) AppleWebKit/537.36 (KHTML, like Gecko) Chrome/85.0.4183.121 Safari/537.36"
[2020-10-08T14:38:49.471] [INFO] access - ::1 - - "POST /register/input HTTP/1.1" 200 1719 "http://localhost:3000/register" "Mozilla/5.0 (Windows NT 10.0; Win64; x64) AppleWebKit/537.36 (KHTML, like Gecko) Chrome/85.0.4183.121 Safari/537.36"
[2020-10-08T14:40:08.733] [INFO] access - ::1 - - "POST /register/input HTTP/1.1" 200 1709 "http://localhost:3000/register/input" "Mozilla/5.0 (Windows NT 10.0; Win64; x64) AppleWebKit/537.36 (KHTML, like Gecko) Chrome/85.0.4183.121 Safari/537.36"
[2020-10-08T14:40:26.107] [INFO] access - ::1 - - "POST /register/input HTTP/1.1" 200 1709 "http://localhost:3000/register/input" "Mozilla/5.0 (Windows NT 10.0; Win64; x64) AppleWebKit/537.36 (KHTML, like Gecko) Chrome/85.0.4183.121 Safari/537.36"
[2020-10-08T14:42:00.548] [WARN] access - ::1 - - "GET /register HTTP/1.1" 304 - "" "Mozilla/5.0 (Windows NT 10.0; Win64; x64) AppleWebKit/537.36 (KHTML, like Gecko) Chrome/85.0.4183.121 Safari/537.36"
[2020-10-08T14:42:09.623] [ERROR] access - ::1 - - "POST /register/input HTTP/1.1" 500 1812 "http://localhost:3000/register" "Mozilla/5.0 (Windows NT 10.0; Win64; x64) AppleWebKit/537.36 (KHTML, like Gecko) Chrome/85.0.4183.121 Safari/537.36"
[2020-10-08T14:45:08.731] [INFO] access - ::1 - - "GET /register/ HTTP/1.1" 200 1650 "" "Mozilla/5.0 (Windows NT 10.0; Win64; x64) AppleWebKit/537.36 (KHTML, like Gecko) Chrome/85.0.4183.121 Safari/537.36"
[2020-10-08T14:45:16.501] [INFO] access - ::1 - - "POST /register/input HTTP/1.1" 200 1761 "http://localhost:3000/register/" "Mozilla/5.0 (Windows NT 10.0; Win64; x64) AppleWebKit/537.36 (KHTML, like Gecko) Chrome/85.0.4183.121 Safari/537.36"
[2020-10-08T14:45:43.974] [INFO] access - ::1 - - "POST /register/input HTTP/1.1" 200 1745 "http://localhost:3000/register/input" "Mozilla/5.0 (Windows NT 10.0; Win64; x64) AppleWebKit/537.36 (KHTML, like Gecko) Chrome/85.0.4183.121 Safari/537.36"
[2020-10-08T14:46:09.329] [INFO] access - ::1 - - "POST /register/input HTTP/1.1" 200 1486 "http://localhost:3000/register/input" "Mozilla/5.0 (Windows NT 10.0; Win64; x64) AppleWebKit/537.36 (KHTML, like Gecko) Chrome/85.0.4183.121 Safari/537.36"
[2020-10-08T15:09:48.215] [INFO] access - ::1 - - "GET /login?gridRadios=option1 HTTP/1.1" 200 1536 "" "Mozilla/5.0 (Windows NT 10.0; Win64; x64) AppleWebKit/537.36 (KHTML, like Gecko) Chrome/85.0.4183.121 Safari/537.36"
[2020-10-08T15:28:26.665] [WARN] access - ::1 - - "GET /register HTTP/1.1" 304 - "http://localhost:3000/register/input" "Mozilla/5.0 (Windows NT 10.0; Win64; x64) AppleWebKit/537.36 (KHTML, like Gecko) Chrome/85.0.4183.121 Safari/537.36"
[2020-10-08T15:28:43.436] [INFO] access - ::1 - - "POST /register/input HTTP/1.1" 200 1528 "http://localhost:3000/register" "Mozilla/5.0 (Windows NT 10.0; Win64; x64) AppleWebKit/537.36 (KHTML, like Gecko) Chrome/85.0.4183.121 Safari/537.36"
[2020-10-08T15:29:29.797] [INFO] access - ::1 - - "POST /register/input HTTP/1.1" 200 1540 "http://localhost:3000/register" "Mozilla/5.0 (Windows NT 10.0; Win64; x64) AppleWebKit/537.36 (KHTML, like Gecko) Chrome/85.0.4183.121 Safari/537.36"
[2020-10-08T15:30:47.790] [INFO] access - ::1 - - "POST /register/input HTTP/1.1" 200 1540 "http://localhost:3000/register" "Mozilla/5.0 (Windows NT 10.0; Win64; x64) AppleWebKit/537.36 (KHTML, like Gecko) Chrome/85.0.4183.121 Safari/537.36"
[2020-10-08T16:02:05.739] [INFO] access - ::1 - - "GET / HTTP/1.1" 200 1518 "http://localhost:3000/register/input" "Mozilla/5.0 (Windows NT 10.0; Win64; x64) AppleWebKit/537.36 (KHTML, like Gecko) Chrome/85.0.4183.121 Safari/537.36"
[2020-10-08T16:02:09.758] [WARN] access - ::1 - - "GET /register HTTP/1.1" 304 - "http://localhost:3000/" "Mozilla/5.0 (Windows NT 10.0; Win64; x64) AppleWebKit/537.36 (KHTML, like Gecko) Chrome/85.0.4183.121 Safari/537.36"
[2020-10-08T16:02:21.259] [INFO] access - ::1 - - "POST /register/input HTTP/1.1" 200 1856 "http://localhost:3000/register" "Mozilla/5.0 (Windows NT 10.0; Win64; x64) AppleWebKit/537.36 (KHTML, like Gecko) Chrome/85.0.4183.121 Safari/537.36"
[2020-10-08T16:03:00.914] [INFO] access - ::1 - - "POST /register/input HTTP/1.1" 200 1539 "http://localhost:3000/register/input" "Mozilla/5.0 (Windows NT 10.0; Win64; x64) AppleWebKit/537.36 (KHTML, like Gecko) Chrome/85.0.4183.121 Safari/537.36"
[2020-10-08T16:03:05.114] [WARN] access - ::1 - - "GET / HTTP/1.1" 304 - "http://localhost:3000/register/input" "Mozilla/5.0 (Windows NT 10.0; Win64; x64) AppleWebKit/537.36 (KHTML, like Gecko) Chrome/85.0.4183.121 Safari/537.36"
